<?xml version="1.0" encoding="UTF-8"?>
<testng-results ignored="0" total="306" passed="306" failed="0" skipped="0">
  <reporter-output>
  </reporter-output>
  <suite started-at="2023-04-10T13:19:10Z" name="Default suite" finished-at="2023-04-10T13:33:02Z" duration-ms="832118">
    <groups>
    </groups>
    <test started-at="2023-04-10T13:19:10Z" name="Default test" finished-at="2023-04-10T13:33:02Z" duration-ms="832118">
      <class name="org.run.Articles_Interest_Rate">
        <test-method is-config="true" signature="browserLaunch()[pri:0, instance:org.run.Articles_Interest_Rate@2dcd168a]" started-at="2023-04-10T13:19:10Z" name="browserLaunch" finished-at="2023-04-10T13:19:14Z" duration-ms="4176" status="PASS">
          <reporter-output>
          </reporter-output>
        </test-method> <!-- browserLaunch -->
        <test-method signature="verifyLink(java.lang.String, java.lang.String)[pri:0, instance:org.run.Articles_Interest_Rate@2dcd168a]" started-at="2023-04-10T13:19:15Z" name="verifyLink" data-provider="getTestData" finished-at="2023-04-10T13:19:19Z" duration-ms="3943" status="PASS">
          <params>
            <param index="0">
              <value>
                <![CDATA[1]]>
              </value>
            </param>
            <param index="1">
              <value>
                <![CDATA[https://sitsfl.stfc.in/article-why-shriram-finance-fixed-deposit-is-the-best]]>
              </value>
            </param>
          </params>
          <reporter-output>
          </reporter-output>
        </test-method> <!-- verifyLink -->
        <test-method signature="verifyLink(java.lang.String, java.lang.String)[pri:0, instance:org.run.Articles_Interest_Rate@2dcd168a]" started-at="2023-04-10T13:19:19Z" name="verifyLink" data-provider="getTestData" finished-at="2023-04-10T13:19:21Z" duration-ms="2741" status="PASS">
          <params>
            <param index="0">
              <value>
                <![CDATA[2]]>
              </value>
            </param>
            <param index="1">
              <value>
                <![CDATA[https://sitsfl.stfc.in/article-cibil-score-for-bike-loan]]>
              </value>
            </param>
          </params>
          <reporter-output>
          </reporter-output>
        </test-method> <!-- verifyLink -->
        <test-method signature="verifyLink(java.lang.String, java.lang.String)[pri:0, instance:org.run.Articles_Interest_Rate@2dcd168a]" started-at="2023-04-10T13:19:21Z" name="verifyLink" data-provider="getTestData" finished-at="2023-04-10T13:19:24Z" duration-ms="2667" status="PASS">
          <params>
            <param index="0">
              <value>
                <![CDATA[3]]>
              </value>
            </param>
            <param index="1">
              <value>
                <![CDATA[https://sitsfl.stfc.in/article-how-to-apply-for-two-wheeler-loan-online]]>
              </value>
            </param>
          </params>
          <reporter-output>
          </reporter-output>
        </test-method> <!-- verifyLink -->
        <test-method signature="verifyLink(java.lang.String, java.lang.String)[pri:0, instance:org.run.Articles_Interest_Rate@2dcd168a]" started-at="2023-04-10T13:19:24Z" name="verifyLink" data-provider="getTestData" finished-at="2023-04-10T13:19:27Z" duration-ms="2588" status="PASS">
          <params>
            <param index="0">
              <value>
                <![CDATA[4]]>
              </value>
            </param>
            <param index="1">
              <value>
                <![CDATA[https://sitsfl.stfc.in/article-ultimate-guide-for-foreclosure-charges]]>
              </value>
            </param>
          </params>
          <reporter-output>
          </reporter-output>
        </test-method> <!-- verifyLink -->
        <test-method signature="verifyLink(java.lang.String, java.lang.String)[pri:0, instance:org.run.Articles_Interest_Rate@2dcd168a]" started-at="2023-04-10T13:19:27Z" name="verifyLink" data-provider="getTestData" finished-at="2023-04-10T13:19:29Z" duration-ms="2814" status="PASS">
          <params>
            <param index="0">
              <value>
                <![CDATA[5]]>
              </value>
            </param>
            <param index="1">
              <value>
                <![CDATA[https://sitsfl.stfc.in/article-bike-loan-for-student]]>
              </value>
            </param>
          </params>
          <reporter-output>
          </reporter-output>
        </test-method> <!-- verifyLink -->
        <test-method signature="verifyLink(java.lang.String, java.lang.String)[pri:0, instance:org.run.Articles_Interest_Rate@2dcd168a]" started-at="2023-04-10T13:19:29Z" name="verifyLink" data-provider="getTestData" finished-at="2023-04-10T13:19:33Z" duration-ms="3580" status="PASS">
          <params>
            <param index="0">
              <value>
                <![CDATA[6]]>
              </value>
            </param>
            <param index="1">
              <value>
                <![CDATA[https://sitsfl.stfc.in/article-monthly-interest-for-one-lakh-fixed-deposit]]>
              </value>
            </param>
          </params>
          <reporter-output>
          </reporter-output>
        </test-method> <!-- verifyLink -->
        <test-method signature="verifyLink(java.lang.String, java.lang.String)[pri:0, instance:org.run.Articles_Interest_Rate@2dcd168a]" started-at="2023-04-10T13:19:33Z" name="verifyLink" data-provider="getTestData" finished-at="2023-04-10T13:19:36Z" duration-ms="2655" status="PASS">
          <params>
            <param index="0">
              <value>
                <![CDATA[7]]>
              </value>
            </param>
            <param index="1">
              <value>
                <![CDATA[https://sitsfl.stfc.in/article-all-about-gold-loan-and-how-does-gold-loan-work]]>
              </value>
            </param>
          </params>
          <reporter-output>
          </reporter-output>
        </test-method> <!-- verifyLink -->
        <test-method signature="verifyLink(java.lang.String, java.lang.String)[pri:0, instance:org.run.Articles_Interest_Rate@2dcd168a]" started-at="2023-04-10T13:19:36Z" name="verifyLink" data-provider="getTestData" finished-at="2023-04-10T13:19:38Z" duration-ms="2496" status="PASS">
          <params>
            <param index="0">
              <value>
                <![CDATA[8]]>
              </value>
            </param>
            <param index="1">
              <value>
                <![CDATA[https://sitsfl.stfc.in/article-are-loans-available-for-used-two-wheeler]]>
              </value>
            </param>
          </params>
          <reporter-output>
          </reporter-output>
        </test-method> <!-- verifyLink -->
        <test-method signature="verifyLink(java.lang.String, java.lang.String)[pri:0, instance:org.run.Articles_Interest_Rate@2dcd168a]" started-at="2023-04-10T13:19:38Z" name="verifyLink" data-provider="getTestData" finished-at="2023-04-10T13:19:41Z" duration-ms="2711" status="PASS">
          <params>
            <param index="0">
              <value>
                <![CDATA[9]]>
              </value>
            </param>
            <param index="1">
              <value>
                <![CDATA[https://sitsfl.stfc.in/article-factors-to-consider-while-buying-bike]]>
              </value>
            </param>
          </params>
          <reporter-output>
          </reporter-output>
        </test-method> <!-- verifyLink -->
        <test-method signature="verifyLink(java.lang.String, java.lang.String)[pri:0, instance:org.run.Articles_Interest_Rate@2dcd168a]" started-at="2023-04-10T13:19:41Z" name="verifyLink" data-provider="getTestData" finished-at="2023-04-10T13:19:43Z" duration-ms="2488" status="PASS">
          <params>
            <param index="0">
              <value>
                <![CDATA[10]]>
              </value>
            </param>
            <param index="1">
              <value>
                <![CDATA[https://sitsfl.stfc.in/article-what-happens-when-you-delay-bike-loan-emi]]>
              </value>
            </param>
          </params>
          <reporter-output>
          </reporter-output>
        </test-method> <!-- verifyLink -->
        <test-method signature="verifyLink(java.lang.String, java.lang.String)[pri:0, instance:org.run.Articles_Interest_Rate@2dcd168a]" started-at="2023-04-10T13:19:43Z" name="verifyLink" data-provider="getTestData" finished-at="2023-04-10T13:19:46Z" duration-ms="2523" status="PASS">
          <params>
            <param index="0">
              <value>
                <![CDATA[11]]>
              </value>
            </param>
            <param index="1">
              <value>
                <![CDATA[https://sitsfl.stfc.in/article-skys-the-limit-with-shriram-finance-two-wheeler-loan]]>
              </value>
            </param>
          </params>
          <reporter-output>
          </reporter-output>
        </test-method> <!-- verifyLink -->
        <test-method signature="verifyLink(java.lang.String, java.lang.String)[pri:0, instance:org.run.Articles_Interest_Rate@2dcd168a]" started-at="2023-04-10T13:19:46Z" name="verifyLink" data-provider="getTestData" finished-at="2023-04-10T13:19:48Z" duration-ms="2541" status="PASS">
          <params>
            <param index="0">
              <value>
                <![CDATA[12]]>
              </value>
            </param>
            <param index="1">
              <value>
                <![CDATA[https://sitsfl.stfc.in/article-can-i-buy-bike-without-down-payment]]>
              </value>
            </param>
          </params>
          <reporter-output>
          </reporter-output>
        </test-method> <!-- verifyLink -->
        <test-method signature="verifyLink(java.lang.String, java.lang.String)[pri:0, instance:org.run.Articles_Interest_Rate@2dcd168a]" started-at="2023-04-10T13:19:48Z" name="verifyLink" data-provider="getTestData" finished-at="2023-04-10T13:19:51Z" duration-ms="2644" status="PASS">
          <params>
            <param index="0">
              <value>
                <![CDATA[13]]>
              </value>
            </param>
            <param index="1">
              <value>
                <![CDATA[https://sitsfl.stfc.in/article-things-you-should-know-about-senior-citizen-fixed-deposit]]>
              </value>
            </param>
          </params>
          <reporter-output>
          </reporter-output>
        </test-method> <!-- verifyLink -->
        <test-method signature="verifyLink(java.lang.String, java.lang.String)[pri:0, instance:org.run.Articles_Interest_Rate@2dcd168a]" started-at="2023-04-10T13:19:51Z" name="verifyLink" data-provider="getTestData" finished-at="2023-04-10T13:19:54Z" duration-ms="2520" status="PASS">
          <params>
            <param index="0">
              <value>
                <![CDATA[14]]>
              </value>
            </param>
            <param index="1">
              <value>
                <![CDATA[https://sitsfl.stfc.in/article-two-wheeler-loan-know-all-about-two-wheeler-loan]]>
              </value>
            </param>
          </params>
          <reporter-output>
          </reporter-output>
        </test-method> <!-- verifyLink -->
        <test-method signature="verifyLink(java.lang.String, java.lang.String)[pri:0, instance:org.run.Articles_Interest_Rate@2dcd168a]" started-at="2023-04-10T13:19:54Z" name="verifyLink" data-provider="getTestData" finished-at="2023-04-10T13:19:56Z" duration-ms="2490" status="PASS">
          <params>
            <param index="0">
              <value>
                <![CDATA[15]]>
              </value>
            </param>
            <param index="1">
              <value>
                <![CDATA[https://sitsfl.stfc.in/article-benefits-of-investing-in-fixed-deposit]]>
              </value>
            </param>
          </params>
          <reporter-output>
          </reporter-output>
        </test-method> <!-- verifyLink -->
        <test-method signature="verifyLink(java.lang.String, java.lang.String)[pri:0, instance:org.run.Articles_Interest_Rate@2dcd168a]" started-at="2023-04-10T13:19:56Z" name="verifyLink" data-provider="getTestData" finished-at="2023-04-10T13:19:59Z" duration-ms="2492" status="PASS">
          <params>
            <param index="0">
              <value>
                <![CDATA[16]]>
              </value>
            </param>
            <param index="1">
              <value>
                <![CDATA[https://sitsfl.stfc.in/article-fixed-interest-rates-vs-floating-interest-rates-choose-the-best]]>
              </value>
            </param>
          </params>
          <reporter-output>
          </reporter-output>
        </test-method> <!-- verifyLink -->
        <test-method signature="verifyLink(java.lang.String, java.lang.String)[pri:0, instance:org.run.Articles_Interest_Rate@2dcd168a]" started-at="2023-04-10T13:19:59Z" name="verifyLink" data-provider="getTestData" finished-at="2023-04-10T13:20:01Z" duration-ms="2426" status="PASS">
          <params>
            <param index="0">
              <value>
                <![CDATA[17]]>
              </value>
            </param>
            <param index="1">
              <value>
                <![CDATA[https://sitsfl.stfc.in/article-different-payment-plans]]>
              </value>
            </param>
          </params>
          <reporter-output>
          </reporter-output>
        </test-method> <!-- verifyLink -->
        <test-method signature="verifyLink(java.lang.String, java.lang.String)[pri:0, instance:org.run.Articles_Interest_Rate@2dcd168a]" started-at="2023-04-10T13:20:01Z" name="verifyLink" data-provider="getTestData" finished-at="2023-04-10T13:20:04Z" duration-ms="2530" status="PASS">
          <params>
            <param index="0">
              <value>
                <![CDATA[18]]>
              </value>
            </param>
            <param index="1">
              <value>
                <![CDATA[https://sitsfl.stfc.in/article-what-is-msme-loan]]>
              </value>
            </param>
          </params>
          <reporter-output>
          </reporter-output>
        </test-method> <!-- verifyLink -->
        <test-method signature="verifyLink(java.lang.String, java.lang.String)[pri:0, instance:org.run.Articles_Interest_Rate@2dcd168a]" started-at="2023-04-10T13:20:04Z" name="verifyLink" data-provider="getTestData" finished-at="2023-04-10T13:20:06Z" duration-ms="2558" status="PASS">
          <params>
            <param index="0">
              <value>
                <![CDATA[19]]>
              </value>
            </param>
            <param index="1">
              <value>
                <![CDATA[https://sitsfl.stfc.in/article-all-about-two-wheeler-loan-gst-and-interest-rates]]>
              </value>
            </param>
          </params>
          <reporter-output>
          </reporter-output>
        </test-method> <!-- verifyLink -->
        <test-method signature="verifyLink(java.lang.String, java.lang.String)[pri:0, instance:org.run.Articles_Interest_Rate@2dcd168a]" started-at="2023-04-10T13:20:06Z" name="verifyLink" data-provider="getTestData" finished-at="2023-04-10T13:20:09Z" duration-ms="2447" status="PASS">
          <params>
            <param index="0">
              <value>
                <![CDATA[20]]>
              </value>
            </param>
            <param index="1">
              <value>
                <![CDATA[https://sitsfl.stfc.in/article-flexible-payment-options-for-gold-loan-scheme]]>
              </value>
            </param>
          </params>
          <reporter-output>
          </reporter-output>
        </test-method> <!-- verifyLink -->
        <test-method signature="verifyLink(java.lang.String, java.lang.String)[pri:0, instance:org.run.Articles_Interest_Rate@2dcd168a]" started-at="2023-04-10T13:20:09Z" name="verifyLink" data-provider="getTestData" finished-at="2023-04-10T13:20:11Z" duration-ms="2520" status="PASS">
          <params>
            <param index="0">
              <value>
                <![CDATA[21]]>
              </value>
            </param>
            <param index="1">
              <value>
                <![CDATA[https://sitsfl.stfc.in/article-interest-rate-charged-on-a-two-wheeler-loan]]>
              </value>
            </param>
          </params>
          <reporter-output>
          </reporter-output>
        </test-method> <!-- verifyLink -->
        <test-method signature="verifyLink(java.lang.String, java.lang.String)[pri:0, instance:org.run.Articles_Interest_Rate@2dcd168a]" started-at="2023-04-10T13:20:11Z" name="verifyLink" data-provider="getTestData" finished-at="2023-04-10T13:20:14Z" duration-ms="2528" status="PASS">
          <params>
            <param index="0">
              <value>
                <![CDATA[22]]>
              </value>
            </param>
            <param index="1">
              <value>
                <![CDATA[https://sitsfl.stfc.in/article-is-it-possible-to-increase-the-credit-limit-on-business-loan]]>
              </value>
            </param>
          </params>
          <reporter-output>
          </reporter-output>
        </test-method> <!-- verifyLink -->
        <test-method signature="verifyLink(java.lang.String, java.lang.String)[pri:0, instance:org.run.Articles_Interest_Rate@2dcd168a]" started-at="2023-04-10T13:20:14Z" name="verifyLink" data-provider="getTestData" finished-at="2023-04-10T13:20:16Z" duration-ms="2704" status="PASS">
          <params>
            <param index="0">
              <value>
                <![CDATA[23]]>
              </value>
            </param>
            <param index="1">
              <value>
                <![CDATA[https://sitsfl.stfc.in/article-is-there-any-maximum-and-minimum-limit-for-availing-gold-loan]]>
              </value>
            </param>
          </params>
          <reporter-output>
          </reporter-output>
        </test-method> <!-- verifyLink -->
        <test-method signature="verifyLink(java.lang.String, java.lang.String)[pri:0, instance:org.run.Articles_Interest_Rate@2dcd168a]" started-at="2023-04-10T13:20:16Z" name="verifyLink" data-provider="getTestData" finished-at="2023-04-10T13:20:19Z" duration-ms="2561" status="PASS">
          <params>
            <param index="0">
              <value>
                <![CDATA[24]]>
              </value>
            </param>
            <param index="1">
              <value>
                <![CDATA[https://sitsfl.stfc.in/article-what-happens-when-you-fail-to-pay-an-emi]]>
              </value>
            </param>
          </params>
          <reporter-output>
          </reporter-output>
        </test-method> <!-- verifyLink -->
        <test-method signature="verifyLink(java.lang.String, java.lang.String)[pri:0, instance:org.run.Articles_Interest_Rate@2dcd168a]" started-at="2023-04-10T13:20:19Z" name="verifyLink" data-provider="getTestData" finished-at="2023-04-10T13:20:22Z" duration-ms="2700" status="PASS">
          <params>
            <param index="0">
              <value>
                <![CDATA[25]]>
              </value>
            </param>
            <param index="1">
              <value>
                <![CDATA[https://sitsfl.stfc.in/article-bank-fixed-deposit-or-non-bank-fixed-deposit]]>
              </value>
            </param>
          </params>
          <reporter-output>
          </reporter-output>
        </test-method> <!-- verifyLink -->
        <test-method signature="verifyLink(java.lang.String, java.lang.String)[pri:0, instance:org.run.Articles_Interest_Rate@2dcd168a]" started-at="2023-04-10T13:20:22Z" name="verifyLink" data-provider="getTestData" finished-at="2023-04-10T13:20:24Z" duration-ms="2668" status="PASS">
          <params>
            <param index="0">
              <value>
                <![CDATA[26]]>
              </value>
            </param>
            <param index="1">
              <value>
                <![CDATA[https://sitsfl.stfc.in/article-ai-resolution-in-lending-hype-or-reality]]>
              </value>
            </param>
          </params>
          <reporter-output>
          </reporter-output>
        </test-method> <!-- verifyLink -->
        <test-method signature="verifyLink(java.lang.String, java.lang.String)[pri:0, instance:org.run.Articles_Interest_Rate@2dcd168a]" started-at="2023-04-10T13:20:24Z" name="verifyLink" data-provider="getTestData" finished-at="2023-04-10T13:20:27Z" duration-ms="2748" status="PASS">
          <params>
            <param index="0">
              <value>
                <![CDATA[27]]>
              </value>
            </param>
            <param index="1">
              <value>
                <![CDATA[https://sitsfl.stfc.in/article-what-can-an-msme-sme-loan-be-used-for]]>
              </value>
            </param>
          </params>
          <reporter-output>
          </reporter-output>
        </test-method> <!-- verifyLink -->
        <test-method signature="verifyLink(java.lang.String, java.lang.String)[pri:0, instance:org.run.Articles_Interest_Rate@2dcd168a]" started-at="2023-04-10T13:20:27Z" name="verifyLink" data-provider="getTestData" finished-at="2023-04-10T13:20:30Z" duration-ms="2543" status="PASS">
          <params>
            <param index="0">
              <value>
                <![CDATA[28]]>
              </value>
            </param>
            <param index="1">
              <value>
                <![CDATA[https://sitsfl.stfc.in/article-is-there-any-extra-interest-in-fd-renewal]]>
              </value>
            </param>
          </params>
          <reporter-output>
          </reporter-output>
        </test-method> <!-- verifyLink -->
        <test-method signature="verifyLink(java.lang.String, java.lang.String)[pri:0, instance:org.run.Articles_Interest_Rate@2dcd168a]" started-at="2023-04-10T13:20:30Z" name="verifyLink" data-provider="getTestData" finished-at="2023-04-10T13:20:32Z" duration-ms="2874" status="PASS">
          <params>
            <param index="0">
              <value>
                <![CDATA[29]]>
              </value>
            </param>
            <param index="1">
              <value>
                <![CDATA[https://sitsfl.stfc.in/article-what-is-the-minimum-and-maximum-investment-amount-for-shriram-finance-recurring-deposit]]>
              </value>
            </param>
          </params>
          <reporter-output>
          </reporter-output>
        </test-method> <!-- verifyLink -->
        <test-method signature="verifyLink(java.lang.String, java.lang.String)[pri:0, instance:org.run.Articles_Interest_Rate@2dcd168a]" started-at="2023-04-10T13:20:32Z" name="verifyLink" data-provider="getTestData" finished-at="2023-04-10T13:20:35Z" duration-ms="2818" status="PASS">
          <params>
            <param index="0">
              <value>
                <![CDATA[30]]>
              </value>
            </param>
            <param index="1">
              <value>
                <![CDATA[https://sitsfl.stfc.in/article-what-is-the-minimum-down-payment-for-a-two-wheeler-loan]]>
              </value>
            </param>
          </params>
          <reporter-output>
          </reporter-output>
        </test-method> <!-- verifyLink -->
        <test-method signature="verifyLink(java.lang.String, java.lang.String)[pri:0, instance:org.run.Articles_Interest_Rate@2dcd168a]" started-at="2023-04-10T13:20:35Z" name="verifyLink" data-provider="getTestData" finished-at="2023-04-10T13:20:38Z" duration-ms="2573" status="PASS">
          <params>
            <param index="0">
              <value>
                <![CDATA[31]]>
              </value>
            </param>
            <param index="1">
              <value>
                <![CDATA[https://sitsfl.stfc.in/article-how-to-get-instant-approvals-on-bike-loan]]>
              </value>
            </param>
          </params>
          <reporter-output>
          </reporter-output>
        </test-method> <!-- verifyLink -->
        <test-method signature="verifyLink(java.lang.String, java.lang.String)[pri:0, instance:org.run.Articles_Interest_Rate@2dcd168a]" started-at="2023-04-10T13:20:38Z" name="verifyLink" data-provider="getTestData" finished-at="2023-04-10T13:20:40Z" duration-ms="2704" status="PASS">
          <params>
            <param index="0">
              <value>
                <![CDATA[32]]>
              </value>
            </param>
            <param index="1">
              <value>
                <![CDATA[https://sitsfl.stfc.in/article-fixed-deposit-five-problems-one-solution]]>
              </value>
            </param>
          </params>
          <reporter-output>
          </reporter-output>
        </test-method> <!-- verifyLink -->
        <test-method signature="verifyLink(java.lang.String, java.lang.String)[pri:0, instance:org.run.Articles_Interest_Rate@2dcd168a]" started-at="2023-04-10T13:20:40Z" name="verifyLink" data-provider="getTestData" finished-at="2023-04-10T13:20:43Z" duration-ms="2547" status="PASS">
          <params>
            <param index="0">
              <value>
                <![CDATA[33]]>
              </value>
            </param>
            <param index="1">
              <value>
                <![CDATA[https://sitsfl.stfc.in/article-11-ways-to-completely-maximise-your-business-with-the-help-of-shriram-business-loan]]>
              </value>
            </param>
          </params>
          <reporter-output>
          </reporter-output>
        </test-method> <!-- verifyLink -->
        <test-method signature="verifyLink(java.lang.String, java.lang.String)[pri:0, instance:org.run.Articles_Interest_Rate@2dcd168a]" started-at="2023-04-10T13:20:43Z" name="verifyLink" data-provider="getTestData" finished-at="2023-04-10T13:20:46Z" duration-ms="2488" status="PASS">
          <params>
            <param index="0">
              <value>
                <![CDATA[34]]>
              </value>
            </param>
            <param index="1">
              <value>
                <![CDATA[https://sitsfl.stfc.in/article-business-loan-five-problems-one-solution]]>
              </value>
            </param>
          </params>
          <reporter-output>
          </reporter-output>
        </test-method> <!-- verifyLink -->
        <test-method signature="verifyLink(java.lang.String, java.lang.String)[pri:0, instance:org.run.Articles_Interest_Rate@2dcd168a]" started-at="2023-04-10T13:20:46Z" name="verifyLink" data-provider="getTestData" finished-at="2023-04-10T13:20:48Z" duration-ms="2552" status="PASS">
          <params>
            <param index="0">
              <value>
                <![CDATA[35]]>
              </value>
            </param>
            <param index="1">
              <value>
                <![CDATA[https://sitsfl.stfc.in/article-important-points-to-consider-before-taking-a-two-wheeler-loan]]>
              </value>
            </param>
          </params>
          <reporter-output>
          </reporter-output>
        </test-method> <!-- verifyLink -->
        <test-method signature="verifyLink(java.lang.String, java.lang.String)[pri:0, instance:org.run.Articles_Interest_Rate@2dcd168a]" started-at="2023-04-10T13:20:48Z" name="verifyLink" data-provider="getTestData" finished-at="2023-04-10T13:20:51Z" duration-ms="2505" status="PASS">
          <params>
            <param index="0">
              <value>
                <![CDATA[36]]>
              </value>
            </param>
            <param index="1">
              <value>
                <![CDATA[https://sitsfl.stfc.in/article-how-are-nbfcs-keepin-up-with-the-gold-demand-surge]]>
              </value>
            </param>
          </params>
          <reporter-output>
          </reporter-output>
        </test-method> <!-- verifyLink -->
        <test-method signature="verifyLink(java.lang.String, java.lang.String)[pri:0, instance:org.run.Articles_Interest_Rate@2dcd168a]" started-at="2023-04-10T13:20:51Z" name="verifyLink" data-provider="getTestData" finished-at="2023-04-10T13:20:53Z" duration-ms="2682" status="PASS">
          <params>
            <param index="0">
              <value>
                <![CDATA[37]]>
              </value>
            </param>
            <param index="1">
              <value>
                <![CDATA[https://sitsfl.stfc.in/article-why-you-should-invest-more-time-on-recurring-deposit]]>
              </value>
            </param>
          </params>
          <reporter-output>
          </reporter-output>
        </test-method> <!-- verifyLink -->
        <test-method signature="verifyLink(java.lang.String, java.lang.String)[pri:0, instance:org.run.Articles_Interest_Rate@2dcd168a]" started-at="2023-04-10T13:20:53Z" name="verifyLink" data-provider="getTestData" finished-at="2023-04-10T13:20:56Z" duration-ms="2520" status="PASS">
          <params>
            <param index="0">
              <value>
                <![CDATA[38]]>
              </value>
            </param>
            <param index="1">
              <value>
                <![CDATA[https://sitsfl.stfc.in/article-recurring-deposit-expectations-vs-reality]]>
              </value>
            </param>
          </params>
          <reporter-output>
          </reporter-output>
        </test-method> <!-- verifyLink -->
        <test-method signature="verifyLink(java.lang.String, java.lang.String)[pri:0, instance:org.run.Articles_Interest_Rate@2dcd168a]" started-at="2023-04-10T13:20:56Z" name="verifyLink" data-provider="getTestData" finished-at="2023-04-10T13:20:59Z" duration-ms="2768" status="PASS">
          <params>
            <param index="0">
              <value>
                <![CDATA[39]]>
              </value>
            </param>
            <param index="1">
              <value>
                <![CDATA[https://sitsfl.stfc.in/article-why-should-you-prefer-an-fd-with-more-than-7-interest-rate]]>
              </value>
            </param>
          </params>
          <reporter-output>
          </reporter-output>
        </test-method> <!-- verifyLink -->
        <test-method signature="verifyLink(java.lang.String, java.lang.String)[pri:0, instance:org.run.Articles_Interest_Rate@2dcd168a]" started-at="2023-04-10T13:20:59Z" name="verifyLink" data-provider="getTestData" finished-at="2023-04-10T13:21:01Z" duration-ms="2731" status="PASS">
          <params>
            <param index="0">
              <value>
                <![CDATA[40]]>
              </value>
            </param>
            <param index="1">
              <value>
                <![CDATA[https://sitsfl.stfc.in/article-four-ways-to-settle-gold-loan]]>
              </value>
            </param>
          </params>
          <reporter-output>
          </reporter-output>
        </test-method> <!-- verifyLink -->
        <test-method signature="verifyLink(java.lang.String, java.lang.String)[pri:0, instance:org.run.Articles_Interest_Rate@2dcd168a]" started-at="2023-04-10T13:21:01Z" name="verifyLink" data-provider="getTestData" finished-at="2023-04-10T13:21:04Z" duration-ms="2601" status="PASS">
          <params>
            <param index="0">
              <value>
                <![CDATA[41]]>
              </value>
            </param>
            <param index="1">
              <value>
                <![CDATA[https://sitsfl.stfc.in/article-invest-in-fixed-deposits-safest-and-secure-way-to-get-higher-returns]]>
              </value>
            </param>
          </params>
          <reporter-output>
          </reporter-output>
        </test-method> <!-- verifyLink -->
        <test-method signature="verifyLink(java.lang.String, java.lang.String)[pri:0, instance:org.run.Articles_Interest_Rate@2dcd168a]" started-at="2023-04-10T13:21:04Z" name="verifyLink" data-provider="getTestData" finished-at="2023-04-10T13:21:06Z" duration-ms="2533" status="PASS">
          <params>
            <param index="0">
              <value>
                <![CDATA[42]]>
              </value>
            </param>
            <param index="1">
              <value>
                <![CDATA[https://sitsfl.stfc.in/article-gold-loan-eligibility-everything-you-need-to-know]]>
              </value>
            </param>
          </params>
          <reporter-output>
          </reporter-output>
        </test-method> <!-- verifyLink -->
        <test-method signature="verifyLink(java.lang.String, java.lang.String)[pri:0, instance:org.run.Articles_Interest_Rate@2dcd168a]" started-at="2023-04-10T13:21:06Z" name="verifyLink" data-provider="getTestData" finished-at="2023-04-10T13:21:09Z" duration-ms="2460" status="PASS">
          <params>
            <param index="0">
              <value>
                <![CDATA[43]]>
              </value>
            </param>
            <param index="1">
              <value>
                <![CDATA[https://sitsfl.stfc.in/article-the-benefits-of-business-loan-and-how-it-will-help-you-to-grow-your-business]]>
              </value>
            </param>
          </params>
          <reporter-output>
          </reporter-output>
        </test-method> <!-- verifyLink -->
        <test-method signature="verifyLink(java.lang.String, java.lang.String)[pri:0, instance:org.run.Articles_Interest_Rate@2dcd168a]" started-at="2023-04-10T13:21:09Z" name="verifyLink" data-provider="getTestData" finished-at="2023-04-10T13:21:11Z" duration-ms="2532" status="PASS">
          <params>
            <param index="0">
              <value>
                <![CDATA[44]]>
              </value>
            </param>
            <param index="1">
              <value>
                <![CDATA[https://sitsfl.stfc.in/article-five-biggest-mistakes-to-avoid-when-getting-a-business-loan]]>
              </value>
            </param>
          </params>
          <reporter-output>
          </reporter-output>
        </test-method> <!-- verifyLink -->
        <test-method signature="verifyLink(java.lang.String, java.lang.String)[pri:0, instance:org.run.Articles_Interest_Rate@2dcd168a]" started-at="2023-04-10T13:21:11Z" name="verifyLink" data-provider="getTestData" finished-at="2023-04-10T13:21:14Z" duration-ms="2608" status="PASS">
          <params>
            <param index="0">
              <value>
                <![CDATA[45]]>
              </value>
            </param>
            <param index="1">
              <value>
                <![CDATA[https://sitsfl.stfc.in/article-what-makes-a-fixed-deposit-different-from-recurring-deposit]]>
              </value>
            </param>
          </params>
          <reporter-output>
          </reporter-output>
        </test-method> <!-- verifyLink -->
        <test-method signature="verifyLink(java.lang.String, java.lang.String)[pri:0, instance:org.run.Articles_Interest_Rate@2dcd168a]" started-at="2023-04-10T13:21:14Z" name="verifyLink" data-provider="getTestData" finished-at="2023-04-10T13:21:16Z" duration-ms="2455" status="PASS">
          <params>
            <param index="0">
              <value>
                <![CDATA[46]]>
              </value>
            </param>
            <param index="1">
              <value>
                <![CDATA[https://sitsfl.stfc.in/article-is-it-possible-for-single-customer-in-shriram-to-invest-in-both-fds-and-rds-from-the-same-account]]>
              </value>
            </param>
          </params>
          <reporter-output>
          </reporter-output>
        </test-method> <!-- verifyLink -->
        <test-method signature="verifyLink(java.lang.String, java.lang.String)[pri:0, instance:org.run.Articles_Interest_Rate@2dcd168a]" started-at="2023-04-10T13:21:16Z" name="verifyLink" data-provider="getTestData" finished-at="2023-04-10T13:21:19Z" duration-ms="2532" status="PASS">
          <params>
            <param index="0">
              <value>
                <![CDATA[47]]>
              </value>
            </param>
            <param index="1">
              <value>
                <![CDATA[https://sitsfl.stfc.in/article-how-to-strategise-guaranteed-income-plan-for-financial-safety-net-to-secure-future]]>
              </value>
            </param>
          </params>
          <reporter-output>
          </reporter-output>
        </test-method> <!-- verifyLink -->
        <test-method signature="verifyLink(java.lang.String, java.lang.String)[pri:0, instance:org.run.Articles_Interest_Rate@2dcd168a]" started-at="2023-04-10T13:21:19Z" name="verifyLink" data-provider="getTestData" finished-at="2023-04-10T13:21:22Z" duration-ms="2542" status="PASS">
          <params>
            <param index="0">
              <value>
                <![CDATA[48]]>
              </value>
            </param>
            <param index="1">
              <value>
                <![CDATA[https://sitsfl.stfc.in/article-how-to-refinance-loan-and-get-better-rates-for-gold-loan]]>
              </value>
            </param>
          </params>
          <reporter-output>
          </reporter-output>
        </test-method> <!-- verifyLink -->
        <test-method signature="verifyLink(java.lang.String, java.lang.String)[pri:0, instance:org.run.Articles_Interest_Rate@2dcd168a]" started-at="2023-04-10T13:21:22Z" name="verifyLink" data-provider="getTestData" finished-at="2023-04-10T13:21:24Z" duration-ms="2477" status="PASS">
          <params>
            <param index="0">
              <value>
                <![CDATA[49]]>
              </value>
            </param>
            <param index="1">
              <value>
                <![CDATA[https://sitsfl.stfc.in/article-how-is-new-technology-helping-nbfcs-evolve]]>
              </value>
            </param>
          </params>
          <reporter-output>
          </reporter-output>
        </test-method> <!-- verifyLink -->
        <test-method signature="verifyLink(java.lang.String, java.lang.String)[pri:0, instance:org.run.Articles_Interest_Rate@2dcd168a]" started-at="2023-04-10T13:21:24Z" name="verifyLink" data-provider="getTestData" finished-at="2023-04-10T13:21:27Z" duration-ms="2694" status="PASS">
          <params>
            <param index="0">
              <value>
                <![CDATA[50]]>
              </value>
            </param>
            <param index="1">
              <value>
                <![CDATA[https://sitsfl.stfc.in/article-integration-of-the-use-of-ai-in-finance]]>
              </value>
            </param>
          </params>
          <reporter-output>
          </reporter-output>
        </test-method> <!-- verifyLink -->
        <test-method signature="verifyLink(java.lang.String, java.lang.String)[pri:0, instance:org.run.Articles_Interest_Rate@2dcd168a]" started-at="2023-04-10T13:21:27Z" name="verifyLink" data-provider="getTestData" finished-at="2023-04-10T13:21:30Z" duration-ms="2820" status="PASS">
          <params>
            <param index="0">
              <value>
                <![CDATA[51]]>
              </value>
            </param>
            <param index="1">
              <value>
                <![CDATA[https://sitsfl.stfc.in/article-what-is-the-right-fixed-deposit-for-you]]>
              </value>
            </param>
          </params>
          <reporter-output>
          </reporter-output>
        </test-method> <!-- verifyLink -->
        <test-method signature="verifyLink(java.lang.String, java.lang.String)[pri:0, instance:org.run.Articles_Interest_Rate@2dcd168a]" started-at="2023-04-10T13:21:30Z" name="verifyLink" data-provider="getTestData" finished-at="2023-04-10T13:21:32Z" duration-ms="2536" status="PASS">
          <params>
            <param index="0">
              <value>
                <![CDATA[52]]>
              </value>
            </param>
            <param index="1">
              <value>
                <![CDATA[https://sitsfl.stfc.in/article-a-blog-about-fixed-deposit-interest-rate]]>
              </value>
            </param>
          </params>
          <reporter-output>
          </reporter-output>
        </test-method> <!-- verifyLink -->
        <test-method signature="verifyLink(java.lang.String, java.lang.String)[pri:0, instance:org.run.Articles_Interest_Rate@2dcd168a]" started-at="2023-04-10T13:21:32Z" name="verifyLink" data-provider="getTestData" finished-at="2023-04-10T13:21:35Z" duration-ms="2481" status="PASS">
          <params>
            <param index="0">
              <value>
                <![CDATA[53]]>
              </value>
            </param>
            <param index="1">
              <value>
                <![CDATA[https://sitsfl.stfc.in/article-a-step-towards-securing-your-future-with-shriram-finance]]>
              </value>
            </param>
          </params>
          <reporter-output>
          </reporter-output>
        </test-method> <!-- verifyLink -->
        <test-method signature="verifyLink(java.lang.String, java.lang.String)[pri:0, instance:org.run.Articles_Interest_Rate@2dcd168a]" started-at="2023-04-10T13:21:35Z" name="verifyLink" data-provider="getTestData" finished-at="2023-04-10T13:21:37Z" duration-ms="2500" status="PASS">
          <params>
            <param index="0">
              <value>
                <![CDATA[54]]>
              </value>
            </param>
            <param index="1">
              <value>
                <![CDATA[https://sitsfl.stfc.in/article-how-to-choose-the-right-business-loan-how-to-analyze-compare-different-business-loan-products]]>
              </value>
            </param>
          </params>
          <reporter-output>
          </reporter-output>
        </test-method> <!-- verifyLink -->
        <test-method signature="verifyLink(java.lang.String, java.lang.String)[pri:0, instance:org.run.Articles_Interest_Rate@2dcd168a]" started-at="2023-04-10T13:21:37Z" name="verifyLink" data-provider="getTestData" finished-at="2023-04-10T13:21:40Z" duration-ms="2518" status="PASS">
          <params>
            <param index="0">
              <value>
                <![CDATA[55]]>
              </value>
            </param>
            <param index="1">
              <value>
                <![CDATA[https://sitsfl.stfc.in/article-how-to-fulfill-your-dreams-of-success-with-business-loan]]>
              </value>
            </param>
          </params>
          <reporter-output>
          </reporter-output>
        </test-method> <!-- verifyLink -->
        <test-method signature="verifyLink(java.lang.String, java.lang.String)[pri:0, instance:org.run.Articles_Interest_Rate@2dcd168a]" started-at="2023-04-10T13:21:40Z" name="verifyLink" data-provider="getTestData" finished-at="2023-04-10T13:21:42Z" duration-ms="2526" status="PASS">
          <params>
            <param index="0">
              <value>
                <![CDATA[56]]>
              </value>
            </param>
            <param index="1">
              <value>
                <![CDATA[https://sitsfl.stfc.in/article-fixed-deposit-vs-unit-linked-insurance-plan-where-to-invest]]>
              </value>
            </param>
          </params>
          <reporter-output>
          </reporter-output>
        </test-method> <!-- verifyLink -->
        <test-method signature="verifyLink(java.lang.String, java.lang.String)[pri:0, instance:org.run.Articles_Interest_Rate@2dcd168a]" started-at="2023-04-10T13:21:42Z" name="verifyLink" data-provider="getTestData" finished-at="2023-04-10T13:21:45Z" duration-ms="2506" status="PASS">
          <params>
            <param index="0">
              <value>
                <![CDATA[57]]>
              </value>
            </param>
            <param index="1">
              <value>
                <![CDATA[https://sitsfl.stfc.in/article-are-the-interest-rates-the-same-whether-you-choose-the-cumulative-or-non-cumulative-option]]>
              </value>
            </param>
          </params>
          <reporter-output>
          </reporter-output>
        </test-method> <!-- verifyLink -->
        <test-method signature="verifyLink(java.lang.String, java.lang.String)[pri:0, instance:org.run.Articles_Interest_Rate@2dcd168a]" started-at="2023-04-10T13:21:45Z" name="verifyLink" data-provider="getTestData" finished-at="2023-04-10T13:21:47Z" duration-ms="2711" status="PASS">
          <params>
            <param index="0">
              <value>
                <![CDATA[58]]>
              </value>
            </param>
            <param index="1">
              <value>
                <![CDATA[https://sitsfl.stfc.in/article-what-are-the-most-attractive-features-of-the-shriram-finance-recurring-deposit]]>
              </value>
            </param>
          </params>
          <reporter-output>
          </reporter-output>
        </test-method> <!-- verifyLink -->
        <test-method signature="verifyLink(java.lang.String, java.lang.String)[pri:0, instance:org.run.Articles_Interest_Rate@2dcd168a]" started-at="2023-04-10T13:21:47Z" name="verifyLink" data-provider="getTestData" finished-at="2023-04-10T13:21:50Z" duration-ms="2500" status="PASS">
          <params>
            <param index="0">
              <value>
                <![CDATA[59]]>
              </value>
            </param>
            <param index="1">
              <value>
                <![CDATA[https://sitsfl.stfc.in/article-what-role-does-collateral-play-in-sme-loans]]>
              </value>
            </param>
          </params>
          <reporter-output>
          </reporter-output>
        </test-method> <!-- verifyLink -->
        <test-method signature="verifyLink(java.lang.String, java.lang.String)[pri:0, instance:org.run.Articles_Interest_Rate@2dcd168a]" started-at="2023-04-10T13:21:50Z" name="verifyLink" data-provider="getTestData" finished-at="2023-04-10T13:21:52Z" duration-ms="2521" status="PASS">
          <params>
            <param index="0">
              <value>
                <![CDATA[60]]>
              </value>
            </param>
            <param index="1">
              <value>
                <![CDATA[https://sitsfl.stfc.in/article-what-is-a-business-loan-and-why-you-should-avail-it]]>
              </value>
            </param>
          </params>
          <reporter-output>
          </reporter-output>
        </test-method> <!-- verifyLink -->
        <test-method signature="verifyLink(java.lang.String, java.lang.String)[pri:0, instance:org.run.Articles_Interest_Rate@2dcd168a]" started-at="2023-04-10T13:21:52Z" name="verifyLink" data-provider="getTestData" finished-at="2023-04-10T13:21:55Z" duration-ms="2550" status="PASS">
          <params>
            <param index="0">
              <value>
                <![CDATA[61]]>
              </value>
            </param>
            <param index="1">
              <value>
                <![CDATA[https://sitsfl.stfc.in/article-how-can-fixed-deposits-help-you-save-and-enjoy-at-the-same-time]]>
              </value>
            </param>
          </params>
          <reporter-output>
          </reporter-output>
        </test-method> <!-- verifyLink -->
        <test-method signature="verifyLink(java.lang.String, java.lang.String)[pri:0, instance:org.run.Articles_Interest_Rate@2dcd168a]" started-at="2023-04-10T13:21:55Z" name="verifyLink" data-provider="getTestData" finished-at="2023-04-10T13:21:57Z" duration-ms="2542" status="PASS">
          <params>
            <param index="0">
              <value>
                <![CDATA[62]]>
              </value>
            </param>
            <param index="1">
              <value>
                <![CDATA[https://sitsfl.stfc.in/article-how-gold-loan-and-cibil-score-are-related-to-each-other]]>
              </value>
            </param>
          </params>
          <reporter-output>
          </reporter-output>
        </test-method> <!-- verifyLink -->
        <test-method signature="verifyLink(java.lang.String, java.lang.String)[pri:0, instance:org.run.Articles_Interest_Rate@2dcd168a]" started-at="2023-04-10T13:21:57Z" name="verifyLink" data-provider="getTestData" finished-at="2023-04-10T13:22:00Z" duration-ms="2553" status="PASS">
          <params>
            <param index="0">
              <value>
                <![CDATA[63]]>
              </value>
            </param>
            <param index="1">
              <value>
                <![CDATA[https://sitsfl.stfc.in/article-how-you-can-pick-the-best-business-loan]]>
              </value>
            </param>
          </params>
          <reporter-output>
          </reporter-output>
        </test-method> <!-- verifyLink -->
        <test-method signature="verifyLink(java.lang.String, java.lang.String)[pri:0, instance:org.run.Articles_Interest_Rate@2dcd168a]" started-at="2023-04-10T13:22:00Z" name="verifyLink" data-provider="getTestData" finished-at="2023-04-10T13:22:03Z" duration-ms="2550" status="PASS">
          <params>
            <param index="0">
              <value>
                <![CDATA[64]]>
              </value>
            </param>
            <param index="1">
              <value>
                <![CDATA[https://sitsfl.stfc.in/article-all-you-need-to-know-about-nbfc-fixed-deposits]]>
              </value>
            </param>
          </params>
          <reporter-output>
          </reporter-output>
        </test-method> <!-- verifyLink -->
        <test-method signature="verifyLink(java.lang.String, java.lang.String)[pri:0, instance:org.run.Articles_Interest_Rate@2dcd168a]" started-at="2023-04-10T13:22:03Z" name="verifyLink" data-provider="getTestData" finished-at="2023-04-10T13:22:05Z" duration-ms="2516" status="PASS">
          <params>
            <param index="0">
              <value>
                <![CDATA[65]]>
              </value>
            </param>
            <param index="1">
              <value>
                <![CDATA[https://sitsfl.stfc.in/article-two-wheeler-loan-charges-and-processing-fees]]>
              </value>
            </param>
          </params>
          <reporter-output>
          </reporter-output>
        </test-method> <!-- verifyLink -->
        <test-method signature="verifyLink(java.lang.String, java.lang.String)[pri:0, instance:org.run.Articles_Interest_Rate@2dcd168a]" started-at="2023-04-10T13:22:05Z" name="verifyLink" data-provider="getTestData" finished-at="2023-04-10T13:22:08Z" duration-ms="2615" status="PASS">
          <params>
            <param index="0">
              <value>
                <![CDATA[66]]>
              </value>
            </param>
            <param index="1">
              <value>
                <![CDATA[https://sitsfl.stfc.in/article-calculation-of-bike-loan-overdue-amount-when-someone-misses-an-emi]]>
              </value>
            </param>
          </params>
          <reporter-output>
          </reporter-output>
        </test-method> <!-- verifyLink -->
        <test-method signature="verifyLink(java.lang.String, java.lang.String)[pri:0, instance:org.run.Articles_Interest_Rate@2dcd168a]" started-at="2023-04-10T13:22:08Z" name="verifyLink" data-provider="getTestData" finished-at="2023-04-10T13:22:10Z" duration-ms="2566" status="PASS">
          <params>
            <param index="0">
              <value>
                <![CDATA[67]]>
              </value>
            </param>
            <param index="1">
              <value>
                <![CDATA[https://sitsfl.stfc.in/article-interest-charges-on-gold-loan]]>
              </value>
            </param>
          </params>
          <reporter-output>
          </reporter-output>
        </test-method> <!-- verifyLink -->
        <test-method signature="verifyLink(java.lang.String, java.lang.String)[pri:0, instance:org.run.Articles_Interest_Rate@2dcd168a]" started-at="2023-04-10T13:22:10Z" name="verifyLink" data-provider="getTestData" finished-at="2023-04-10T13:22:13Z" duration-ms="2514" status="PASS">
          <params>
            <param index="0">
              <value>
                <![CDATA[68]]>
              </value>
            </param>
            <param index="1">
              <value>
                <![CDATA[https://sitsfl.stfc.in/article-common-myths-around-business-loans]]>
              </value>
            </param>
          </params>
          <reporter-output>
          </reporter-output>
        </test-method> <!-- verifyLink -->
        <test-method signature="verifyLink(java.lang.String, java.lang.String)[pri:0, instance:org.run.Articles_Interest_Rate@2dcd168a]" started-at="2023-04-10T13:22:13Z" name="verifyLink" data-provider="getTestData" finished-at="2023-04-10T13:22:15Z" duration-ms="2466" status="PASS">
          <params>
            <param index="0">
              <value>
                <![CDATA[69]]>
              </value>
            </param>
            <param index="1">
              <value>
                <![CDATA[https://sitsfl.stfc.in/article-why-should-i-invest-in-shriram-finance-recurring-deposit]]>
              </value>
            </param>
          </params>
          <reporter-output>
          </reporter-output>
        </test-method> <!-- verifyLink -->
        <test-method signature="verifyLink(java.lang.String, java.lang.String)[pri:0, instance:org.run.Articles_Interest_Rate@2dcd168a]" started-at="2023-04-10T13:22:15Z" name="verifyLink" data-provider="getTestData" finished-at="2023-04-10T13:22:18Z" duration-ms="2618" status="PASS">
          <params>
            <param index="0">
              <value>
                <![CDATA[70]]>
              </value>
            </param>
            <param index="1">
              <value>
                <![CDATA[https://sitsfl.stfc.in/article-is-it-possible-for-minor-to-open-an-rd-in-shriram-finance]]>
              </value>
            </param>
          </params>
          <reporter-output>
          </reporter-output>
        </test-method> <!-- verifyLink -->
        <test-method signature="verifyLink(java.lang.String, java.lang.String)[pri:0, instance:org.run.Articles_Interest_Rate@2dcd168a]" started-at="2023-04-10T13:22:18Z" name="verifyLink" data-provider="getTestData" finished-at="2023-04-10T13:22:20Z" duration-ms="2485" status="PASS">
          <params>
            <param index="0">
              <value>
                <![CDATA[71]]>
              </value>
            </param>
            <param index="1">
              <value>
                <![CDATA[https://sitsfl.stfc.in/article-why-is-good-cibil-score-vital-for-achieving-business-goals]]>
              </value>
            </param>
          </params>
          <reporter-output>
          </reporter-output>
        </test-method> <!-- verifyLink -->
        <test-method signature="verifyLink(java.lang.String, java.lang.String)[pri:0, instance:org.run.Articles_Interest_Rate@2dcd168a]" started-at="2023-04-10T13:22:20Z" name="verifyLink" data-provider="getTestData" finished-at="2023-04-10T13:22:23Z" duration-ms="2466" status="PASS">
          <params>
            <param index="0">
              <value>
                <![CDATA[72]]>
              </value>
            </param>
            <param index="1">
              <value>
                <![CDATA[https://sitsfl.stfc.in/article-can-i-release-part-of-my-gold]]>
              </value>
            </param>
          </params>
          <reporter-output>
          </reporter-output>
        </test-method> <!-- verifyLink -->
        <test-method signature="verifyLink(java.lang.String, java.lang.String)[pri:0, instance:org.run.Articles_Interest_Rate@2dcd168a]" started-at="2023-04-10T13:22:23Z" name="verifyLink" data-provider="getTestData" finished-at="2023-04-10T13:22:25Z" duration-ms="2480" status="PASS">
          <params>
            <param index="0">
              <value>
                <![CDATA[73]]>
              </value>
            </param>
            <param index="1">
              <value>
                <![CDATA[https://sitsfl.stfc.in/article-can-nri-get-two-wheeler-loan]]>
              </value>
            </param>
          </params>
          <reporter-output>
          </reporter-output>
        </test-method> <!-- verifyLink -->
        <test-method signature="verifyLink(java.lang.String, java.lang.String)[pri:0, instance:org.run.Articles_Interest_Rate@2dcd168a]" started-at="2023-04-10T13:22:25Z" name="verifyLink" data-provider="getTestData" finished-at="2023-04-10T13:22:28Z" duration-ms="2477" status="PASS">
          <params>
            <param index="0">
              <value>
                <![CDATA[74]]>
              </value>
            </param>
            <param index="1">
              <value>
                <![CDATA[https://sitsfl.stfc.in/article-is-there-any-tds-on-recurring-deposits]]>
              </value>
            </param>
          </params>
          <reporter-output>
          </reporter-output>
        </test-method> <!-- verifyLink -->
        <test-method signature="verifyLink(java.lang.String, java.lang.String)[pri:0, instance:org.run.Articles_Interest_Rate@2dcd168a]" started-at="2023-04-10T13:22:28Z" name="verifyLink" data-provider="getTestData" finished-at="2023-04-10T13:22:30Z" duration-ms="2460" status="PASS">
          <params>
            <param index="0">
              <value>
                <![CDATA[75]]>
              </value>
            </param>
            <param index="1">
              <value>
                <![CDATA[https://sitsfl.stfc.in/article-is-it-possible-to-set-up-recurring-deposit-online]]>
              </value>
            </param>
          </params>
          <reporter-output>
          </reporter-output>
        </test-method> <!-- verifyLink -->
        <test-method signature="verifyLink(java.lang.String, java.lang.String)[pri:0, instance:org.run.Articles_Interest_Rate@2dcd168a]" started-at="2023-04-10T13:22:30Z" name="verifyLink" data-provider="getTestData" finished-at="2023-04-10T13:22:33Z" duration-ms="2589" status="PASS">
          <params>
            <param index="0">
              <value>
                <![CDATA[76]]>
              </value>
            </param>
            <param index="1">
              <value>
                <![CDATA[https://sitsfl.stfc.in/article-why-is-a-fixed-deposit-the-desired-form-of-investment-for-traditional-indians]]>
              </value>
            </param>
          </params>
          <reporter-output>
          </reporter-output>
        </test-method> <!-- verifyLink -->
        <test-method signature="verifyLink(java.lang.String, java.lang.String)[pri:0, instance:org.run.Articles_Interest_Rate@2dcd168a]" started-at="2023-04-10T13:22:33Z" name="verifyLink" data-provider="getTestData" finished-at="2023-04-10T13:22:35Z" duration-ms="2452" status="PASS">
          <params>
            <param index="0">
              <value>
                <![CDATA[77]]>
              </value>
            </param>
            <param index="1">
              <value>
                <![CDATA[https://sitsfl.stfc.in/article-how-can-business-acquire-an-instant-loan]]>
              </value>
            </param>
          </params>
          <reporter-output>
          </reporter-output>
        </test-method> <!-- verifyLink -->
        <test-method signature="verifyLink(java.lang.String, java.lang.String)[pri:0, instance:org.run.Articles_Interest_Rate@2dcd168a]" started-at="2023-04-10T13:22:35Z" name="verifyLink" data-provider="getTestData" finished-at="2023-04-10T13:22:38Z" duration-ms="2504" status="PASS">
          <params>
            <param index="0">
              <value>
                <![CDATA[78]]>
              </value>
            </param>
            <param index="1">
              <value>
                <![CDATA[https://sitsfl.stfc.in/article-what-is-the-importance-of-a-fixed-deposit-on-your-financial-portfolio]]>
              </value>
            </param>
          </params>
          <reporter-output>
          </reporter-output>
        </test-method> <!-- verifyLink -->
        <test-method signature="verifyLink(java.lang.String, java.lang.String)[pri:0, instance:org.run.Articles_Interest_Rate@2dcd168a]" started-at="2023-04-10T13:22:38Z" name="verifyLink" data-provider="getTestData" finished-at="2023-04-10T13:22:40Z" duration-ms="2491" status="PASS">
          <params>
            <param index="0">
              <value>
                <![CDATA[79]]>
              </value>
            </param>
            <param index="1">
              <value>
                <![CDATA[https://sitsfl.stfc.in/article-extensive-guide-for-choosing-a-fixed-deposit-with-the-best-interest-rates]]>
              </value>
            </param>
          </params>
          <reporter-output>
          </reporter-output>
        </test-method> <!-- verifyLink -->
        <test-method signature="verifyLink(java.lang.String, java.lang.String)[pri:0, instance:org.run.Articles_Interest_Rate@2dcd168a]" started-at="2023-04-10T13:22:40Z" name="verifyLink" data-provider="getTestData" finished-at="2023-04-10T13:22:43Z" duration-ms="2620" status="PASS">
          <params>
            <param index="0">
              <value>
                <![CDATA[80]]>
              </value>
            </param>
            <param index="1">
              <value>
                <![CDATA[https://sitsfl.stfc.in/article-how-to-select-the-most-effective-fixed-deposit-scheme]]>
              </value>
            </param>
          </params>
          <reporter-output>
          </reporter-output>
        </test-method> <!-- verifyLink -->
        <test-method signature="verifyLink(java.lang.String, java.lang.String)[pri:0, instance:org.run.Articles_Interest_Rate@2dcd168a]" started-at="2023-04-10T13:22:43Z" name="verifyLink" data-provider="getTestData" finished-at="2023-04-10T13:22:45Z" duration-ms="2552" status="PASS">
          <params>
            <param index="0">
              <value>
                <![CDATA[81]]>
              </value>
            </param>
            <param index="1">
              <value>
                <![CDATA[https://sitsfl.stfc.in/article-easy-ways-to-repay-the-loan-against-jewellery]]>
              </value>
            </param>
          </params>
          <reporter-output>
          </reporter-output>
        </test-method> <!-- verifyLink -->
        <test-method signature="verifyLink(java.lang.String, java.lang.String)[pri:0, instance:org.run.Articles_Interest_Rate@2dcd168a]" started-at="2023-04-10T13:22:45Z" name="verifyLink" data-provider="getTestData" finished-at="2023-04-10T13:22:48Z" duration-ms="2549" status="PASS">
          <params>
            <param index="0">
              <value>
                <![CDATA[82]]>
              </value>
            </param>
            <param index="1">
              <value>
                <![CDATA[https://sitsfl.stfc.in/article-is-a-guarantor-or-introducer-necessary-for-availing-a-gold-loan]]>
              </value>
            </param>
          </params>
          <reporter-output>
          </reporter-output>
        </test-method> <!-- verifyLink -->
        <test-method signature="verifyLink(java.lang.String, java.lang.String)[pri:0, instance:org.run.Articles_Interest_Rate@2dcd168a]" started-at="2023-04-10T13:22:48Z" name="verifyLink" data-provider="getTestData" finished-at="2023-04-10T13:22:51Z" duration-ms="2522" status="PASS">
          <params>
            <param index="0">
              <value>
                <![CDATA[83]]>
              </value>
            </param>
            <param index="1">
              <value>
                <![CDATA[https://sitsfl.stfc.in/article-what-is-the-quality-of-gold-that-is-accepted-for-gold-loan-collateral]]>
              </value>
            </param>
          </params>
          <reporter-output>
          </reporter-output>
        </test-method> <!-- verifyLink -->
        <test-method signature="verifyLink(java.lang.String, java.lang.String)[pri:0, instance:org.run.Articles_Interest_Rate@2dcd168a]" started-at="2023-04-10T13:22:51Z" name="verifyLink" data-provider="getTestData" finished-at="2023-04-10T13:22:53Z" duration-ms="2501" status="PASS">
          <params>
            <param index="0">
              <value>
                <![CDATA[84]]>
              </value>
            </param>
            <param index="1">
              <value>
                <![CDATA[https://sitsfl.stfc.in/article-what-collateral-do-you-need-to-provide-for-gold-loan]]>
              </value>
            </param>
          </params>
          <reporter-output>
          </reporter-output>
        </test-method> <!-- verifyLink -->
        <test-method signature="verifyLink(java.lang.String, java.lang.String)[pri:0, instance:org.run.Articles_Interest_Rate@2dcd168a]" started-at="2023-04-10T13:22:53Z" name="verifyLink" data-provider="getTestData" finished-at="2023-04-10T13:22:56Z" duration-ms="2464" status="PASS">
          <params>
            <param index="0">
              <value>
                <![CDATA[85]]>
              </value>
            </param>
            <param index="1">
              <value>
                <![CDATA[https://sitsfl.stfc.in/article-how-to-save-the-interest-amount-on-business-loan]]>
              </value>
            </param>
          </params>
          <reporter-output>
          </reporter-output>
        </test-method> <!-- verifyLink -->
        <test-method signature="verifyLink(java.lang.String, java.lang.String)[pri:0, instance:org.run.Articles_Interest_Rate@2dcd168a]" started-at="2023-04-10T13:22:56Z" name="verifyLink" data-provider="getTestData" finished-at="2023-04-10T13:22:58Z" duration-ms="2540" status="PASS">
          <params>
            <param index="0">
              <value>
                <![CDATA[86]]>
              </value>
            </param>
            <param index="1">
              <value>
                <![CDATA[https://sitsfl.stfc.in/article-are-there-any-extra-charges-for-business-loan-besides-gst-and-interest]]>
              </value>
            </param>
          </params>
          <reporter-output>
          </reporter-output>
        </test-method> <!-- verifyLink -->
        <test-method signature="verifyLink(java.lang.String, java.lang.String)[pri:0, instance:org.run.Articles_Interest_Rate@2dcd168a]" started-at="2023-04-10T13:22:58Z" name="verifyLink" data-provider="getTestData" finished-at="2023-04-10T13:23:01Z" duration-ms="2530" status="PASS">
          <params>
            <param index="0">
              <value>
                <![CDATA[87]]>
              </value>
            </param>
            <param index="1">
              <value>
                <![CDATA[https://sitsfl.stfc.in/article-two-wheeler-loan-for-commercial-bikes]]>
              </value>
            </param>
          </params>
          <reporter-output>
          </reporter-output>
        </test-method> <!-- verifyLink -->
        <test-method signature="verifyLink(java.lang.String, java.lang.String)[pri:0, instance:org.run.Articles_Interest_Rate@2dcd168a]" started-at="2023-04-10T13:23:01Z" name="verifyLink" data-provider="getTestData" finished-at="2023-04-10T13:23:03Z" duration-ms="2529" status="PASS">
          <params>
            <param index="0">
              <value>
                <![CDATA[88]]>
              </value>
            </param>
            <param index="1">
              <value>
                <![CDATA[https://sitsfl.stfc.in/article-features-and-benefits-of-two-wheeler-loan]]>
              </value>
            </param>
          </params>
          <reporter-output>
          </reporter-output>
        </test-method> <!-- verifyLink -->
        <test-method signature="verifyLink(java.lang.String, java.lang.String)[pri:0, instance:org.run.Articles_Interest_Rate@2dcd168a]" started-at="2023-04-10T13:23:03Z" name="verifyLink" data-provider="getTestData" finished-at="2023-04-10T13:23:06Z" duration-ms="2436" status="PASS">
          <params>
            <param index="0">
              <value>
                <![CDATA[89]]>
              </value>
            </param>
            <param index="1">
              <value>
                <![CDATA[https://sitsfl.stfc.in/article-five-best-ways-to-save-money-the-top-ways-to-save-money-in-india]]>
              </value>
            </param>
          </params>
          <reporter-output>
          </reporter-output>
        </test-method> <!-- verifyLink -->
        <test-method signature="verifyLink(java.lang.String, java.lang.String)[pri:0, instance:org.run.Articles_Interest_Rate@2dcd168a]" started-at="2023-04-10T13:23:06Z" name="verifyLink" data-provider="getTestData" finished-at="2023-04-10T13:23:08Z" duration-ms="2501" status="PASS">
          <params>
            <param index="0">
              <value>
                <![CDATA[90]]>
              </value>
            </param>
            <param index="1">
              <value>
                <![CDATA[https://sitsfl.stfc.in/article-factors-affecting-interest-rates-on-two-wheeler-loans]]>
              </value>
            </param>
          </params>
          <reporter-output>
          </reporter-output>
        </test-method> <!-- verifyLink -->
        <test-method signature="verifyLink(java.lang.String, java.lang.String)[pri:0, instance:org.run.Articles_Interest_Rate@2dcd168a]" started-at="2023-04-10T13:23:08Z" name="verifyLink" data-provider="getTestData" finished-at="2023-04-10T13:23:11Z" duration-ms="2498" status="PASS">
          <params>
            <param index="0">
              <value>
                <![CDATA[91]]>
              </value>
            </param>
            <param index="1">
              <value>
                <![CDATA[https://sitsfl.stfc.in/article-why-shriram-finance-fixed-deposits-should-be-your-preferred-investment-option]]>
              </value>
            </param>
          </params>
          <reporter-output>
          </reporter-output>
        </test-method> <!-- verifyLink -->
        <test-method signature="verifyLink(java.lang.String, java.lang.String)[pri:0, instance:org.run.Articles_Interest_Rate@2dcd168a]" started-at="2023-04-10T13:23:11Z" name="verifyLink" data-provider="getTestData" finished-at="2023-04-10T13:23:13Z" duration-ms="2450" status="PASS">
          <params>
            <param index="0">
              <value>
                <![CDATA[92]]>
              </value>
            </param>
            <param index="1">
              <value>
                <![CDATA[https://sitsfl.stfc.in/article-who-should-consider-investing-in-recurring-deposit]]>
              </value>
            </param>
          </params>
          <reporter-output>
          </reporter-output>
        </test-method> <!-- verifyLink -->
        <test-method signature="verifyLink(java.lang.String, java.lang.String)[pri:0, instance:org.run.Articles_Interest_Rate@2dcd168a]" started-at="2023-04-10T13:23:13Z" name="verifyLink" data-provider="getTestData" finished-at="2023-04-10T13:23:16Z" duration-ms="2531" status="PASS">
          <params>
            <param index="0">
              <value>
                <![CDATA[93]]>
              </value>
            </param>
            <param index="1">
              <value>
                <![CDATA[https://sitsfl.stfc.in/article-how-does-an-sme-loan-help-in-business-growth]]>
              </value>
            </param>
          </params>
          <reporter-output>
          </reporter-output>
        </test-method> <!-- verifyLink -->
        <test-method signature="verifyLink(java.lang.String, java.lang.String)[pri:0, instance:org.run.Articles_Interest_Rate@2dcd168a]" started-at="2023-04-10T13:23:16Z" name="verifyLink" data-provider="getTestData" finished-at="2023-04-10T13:23:18Z" duration-ms="2552" status="PASS">
          <params>
            <param index="0">
              <value>
                <![CDATA[94]]>
              </value>
            </param>
            <param index="1">
              <value>
                <![CDATA[https://sitsfl.stfc.in/article-how-flexi-recurring-deposit-offers-complete-flexibility]]>
              </value>
            </param>
          </params>
          <reporter-output>
          </reporter-output>
        </test-method> <!-- verifyLink -->
        <test-method signature="verifyLink(java.lang.String, java.lang.String)[pri:0, instance:org.run.Articles_Interest_Rate@2dcd168a]" started-at="2023-04-10T13:23:18Z" name="verifyLink" data-provider="getTestData" finished-at="2023-04-10T13:23:21Z" duration-ms="2520" status="PASS">
          <params>
            <param index="0">
              <value>
                <![CDATA[95]]>
              </value>
            </param>
            <param index="1">
              <value>
                <![CDATA[https://sitsfl.stfc.in/article-the-only-guide-you-need-to-getting-a-loan-against-gold-jewellery]]>
              </value>
            </param>
          </params>
          <reporter-output>
          </reporter-output>
        </test-method> <!-- verifyLink -->
        <test-method signature="verifyLink(java.lang.String, java.lang.String)[pri:0, instance:org.run.Articles_Interest_Rate@2dcd168a]" started-at="2023-04-10T13:23:21Z" name="verifyLink" data-provider="getTestData" finished-at="2023-04-10T13:23:23Z" duration-ms="2517" status="PASS">
          <params>
            <param index="0">
              <value>
                <![CDATA[96]]>
              </value>
            </param>
            <param index="1">
              <value>
                <![CDATA[https://sitsfl.stfc.in/article-choosing-the-right-two-wheeler-loan-based-on-interest-rate]]>
              </value>
            </param>
          </params>
          <reporter-output>
          </reporter-output>
        </test-method> <!-- verifyLink -->
        <test-method signature="verifyLink(java.lang.String, java.lang.String)[pri:0, instance:org.run.Articles_Interest_Rate@2dcd168a]" started-at="2023-04-10T13:23:23Z" name="verifyLink" data-provider="getTestData" finished-at="2023-04-10T13:23:26Z" duration-ms="2474" status="PASS">
          <params>
            <param index="0">
              <value>
                <![CDATA[97]]>
              </value>
            </param>
            <param index="1">
              <value>
                <![CDATA[https://sitsfl.stfc.in/article-tips-to-pay-two-wheeler-loan]]>
              </value>
            </param>
          </params>
          <reporter-output>
          </reporter-output>
        </test-method> <!-- verifyLink -->
        <test-method signature="verifyLink(java.lang.String, java.lang.String)[pri:0, instance:org.run.Articles_Interest_Rate@2dcd168a]" started-at="2023-04-10T13:23:26Z" name="verifyLink" data-provider="getTestData" finished-at="2023-04-10T13:23:28Z" duration-ms="2426" status="PASS">
          <params>
            <param index="0">
              <value>
                <![CDATA[98]]>
              </value>
            </param>
            <param index="1">
              <value>
                <![CDATA[https://sitsfl.stfc.in/article-why-its-easier-to-succeed-with-business-loan-than-you-might-think]]>
              </value>
            </param>
          </params>
          <reporter-output>
          </reporter-output>
        </test-method> <!-- verifyLink -->
        <test-method signature="verifyLink(java.lang.String, java.lang.String)[pri:0, instance:org.run.Articles_Interest_Rate@2dcd168a]" started-at="2023-04-10T13:23:28Z" name="verifyLink" data-provider="getTestData" finished-at="2023-04-10T13:23:31Z" duration-ms="2486" status="PASS">
          <params>
            <param index="0">
              <value>
                <![CDATA[99]]>
              </value>
            </param>
            <param index="1">
              <value>
                <![CDATA[https://sitsfl.stfc.in/article-how-does-fixed-deposits-promote-senior-citizen-welfare]]>
              </value>
            </param>
          </params>
          <reporter-output>
          </reporter-output>
        </test-method> <!-- verifyLink -->
        <test-method signature="verifyLink(java.lang.String, java.lang.String)[pri:0, instance:org.run.Articles_Interest_Rate@2dcd168a]" started-at="2023-04-10T13:23:31Z" name="verifyLink" data-provider="getTestData" finished-at="2023-04-10T13:23:33Z" duration-ms="2517" status="PASS">
          <params>
            <param index="0">
              <value>
                <![CDATA[100]]>
              </value>
            </param>
            <param index="1">
              <value>
                <![CDATA[https://sitsfl.stfc.in/article-simple-bike-financing-with-zero-down-payment]]>
              </value>
            </param>
          </params>
          <reporter-output>
          </reporter-output>
        </test-method> <!-- verifyLink -->
        <test-method signature="verifyLink(java.lang.String, java.lang.String)[pri:0, instance:org.run.Articles_Interest_Rate@2dcd168a]" started-at="2023-04-10T13:23:33Z" name="verifyLink" data-provider="getTestData" finished-at="2023-04-10T13:23:35Z" duration-ms="2457" status="PASS">
          <params>
            <param index="0">
              <value>
                <![CDATA[101]]>
              </value>
            </param>
            <param index="1">
              <value>
                <![CDATA[https://sitsfl.stfc.in/article-comparing-two-wheeler-loan-rates]]>
              </value>
            </param>
          </params>
          <reporter-output>
          </reporter-output>
        </test-method> <!-- verifyLink -->
        <test-method signature="verifyLink(java.lang.String, java.lang.String)[pri:0, instance:org.run.Articles_Interest_Rate@2dcd168a]" started-at="2023-04-10T13:23:35Z" name="verifyLink" data-provider="getTestData" finished-at="2023-04-10T13:23:38Z" duration-ms="2482" status="PASS">
          <params>
            <param index="0">
              <value>
                <![CDATA[102]]>
              </value>
            </param>
            <param index="1">
              <value>
                <![CDATA[https://sitsfl.stfc.in/article-what-is-the-difference-between-fixed-deposit-and-recurring-deposit]]>
              </value>
            </param>
          </params>
          <reporter-output>
          </reporter-output>
        </test-method> <!-- verifyLink -->
        <test-method signature="verifyLink(java.lang.String, java.lang.String)[pri:0, instance:org.run.Articles_Interest_Rate@2dcd168a]" started-at="2023-04-10T13:23:38Z" name="verifyLink" data-provider="getTestData" finished-at="2023-04-10T13:23:41Z" duration-ms="2673" status="PASS">
          <params>
            <param index="0">
              <value>
                <![CDATA[103]]>
              </value>
            </param>
            <param index="1">
              <value>
                <![CDATA[https://sitsfl.stfc.in/article-how-to-explain-fixed-deposits-to-millennials]]>
              </value>
            </param>
          </params>
          <reporter-output>
          </reporter-output>
        </test-method> <!-- verifyLink -->
        <test-method signature="verifyLink(java.lang.String, java.lang.String)[pri:0, instance:org.run.Articles_Interest_Rate@2dcd168a]" started-at="2023-04-10T13:23:41Z" name="verifyLink" data-provider="getTestData" finished-at="2023-04-10T13:23:43Z" duration-ms="2642" status="PASS">
          <params>
            <param index="0">
              <value>
                <![CDATA[104]]>
              </value>
            </param>
            <param index="1">
              <value>
                <![CDATA[https://sitsfl.stfc.in/article-most-relevant-senior-citizen-fd-rates-and-schemes]]>
              </value>
            </param>
          </params>
          <reporter-output>
          </reporter-output>
        </test-method> <!-- verifyLink -->
[...]
          <params>
            <param index="0">
              <value>
                <![CDATA[281]]>
              </value>
            </param>
            <param index="1">
              <value>
                <![CDATA[https://sitsfl.stfc.in/article-everything-you-need-to-know-about-tax-saving-fd]]>
              </value>
            </param>
          </params>
          <reporter-output>
          </reporter-output>
        </test-method> <!-- verifyLink -->
        <test-method signature="verifyLink(java.lang.String, java.lang.String)[pri:0, instance:org.run.Articles_Interest_Rate@2dcd168a]" started-at="2023-04-10T13:31:52Z" name="verifyLink" data-provider="getTestData" finished-at="2023-04-10T13:31:55Z" duration-ms="2649" status="PASS">
          <params>
            <param index="0">
              <value>
                <![CDATA[282]]>
              </value>
            </param>
            <param index="1">
              <value>
                <![CDATA[https://sitsfl.stfc.in/article-how-can-a-fixed-deposit-help-senior-citizens-in-their-financial-life]]>
              </value>
            </param>
          </params>
          <reporter-output>
          </reporter-output>
        </test-method> <!-- verifyLink -->
        <test-method signature="verifyLink(java.lang.String, java.lang.String)[pri:0, instance:org.run.Articles_Interest_Rate@2dcd168a]" started-at="2023-04-10T13:31:55Z" name="verifyLink" data-provider="getTestData" finished-at="2023-04-10T13:31:58Z" duration-ms="3060" status="PASS">
          <params>
            <param index="0">
              <value>
                <![CDATA[283]]>
              </value>
            </param>
            <param index="1">
              <value>
                <![CDATA[https://sitsfl.stfc.in/article-which-is-the-best-shriram-loan-scheme-to-buy-a-two-wheeler]]>
              </value>
            </param>
          </params>
          <reporter-output>
          </reporter-output>
        </test-method> <!-- verifyLink -->
        <test-method signature="verifyLink(java.lang.String, java.lang.String)[pri:0, instance:org.run.Articles_Interest_Rate@2dcd168a]" started-at="2023-04-10T13:31:58Z" name="verifyLink" data-provider="getTestData" finished-at="2023-04-10T13:32:01Z" duration-ms="2940" status="PASS">
          <params>
            <param index="0">
              <value>
                <![CDATA[284]]>
              </value>
            </param>
            <param index="1">
              <value>
                <![CDATA[https://sitsfl.stfc.in/article-callable-and-a-non-callable-fixed-deposit]]>
              </value>
            </param>
          </params>
          <reporter-output>
          </reporter-output>
        </test-method> <!-- verifyLink -->
        <test-method signature="verifyLink(java.lang.String, java.lang.String)[pri:0, instance:org.run.Articles_Interest_Rate@2dcd168a]" started-at="2023-04-10T13:32:01Z" name="verifyLink" data-provider="getTestData" finished-at="2023-04-10T13:32:04Z" duration-ms="2553" status="PASS">
          <params>
            <param index="0">
              <value>
                <![CDATA[285]]>
              </value>
            </param>
            <param index="1">
              <value>
                <![CDATA[https://sitsfl.stfc.in/article-fd-vs-mutual-funds-4-factors-to-consider-before-investing]]>
              </value>
            </param>
          </params>
          <reporter-output>
          </reporter-output>
        </test-method> <!-- verifyLink -->
        <test-method signature="verifyLink(java.lang.String, java.lang.String)[pri:0, instance:org.run.Articles_Interest_Rate@2dcd168a]" started-at="2023-04-10T13:32:04Z" name="verifyLink" data-provider="getTestData" finished-at="2023-04-10T13:32:06Z" duration-ms="2622" status="PASS">
          <params>
            <param index="0">
              <value>
                <![CDATA[286]]>
              </value>
            </param>
            <param index="1">
              <value>
                <![CDATA[https://sitsfl.stfc.in/article-how-does-a-fixed-deposit-work-is-it-safe-to-invest-in-a-fixed-deposit]]>
              </value>
            </param>
          </params>
          <reporter-output>
          </reporter-output>
        </test-method> <!-- verifyLink -->
        <test-method signature="verifyLink(java.lang.String, java.lang.String)[pri:0, instance:org.run.Articles_Interest_Rate@2dcd168a]" started-at="2023-04-10T13:32:06Z" name="verifyLink" data-provider="getTestData" finished-at="2023-04-10T13:32:09Z" duration-ms="2720" status="PASS">
          <params>
            <param index="0">
              <value>
                <![CDATA[287]]>
              </value>
            </param>
            <param index="1">
              <value>
                <![CDATA[https://sitsfl.stfc.in/article-how-do-fixed-deposits-help-to-keep-the-indian-economy-stable-during-volatility]]>
              </value>
            </param>
          </params>
          <reporter-output>
          </reporter-output>
        </test-method> <!-- verifyLink -->
        <test-method signature="verifyLink(java.lang.String, java.lang.String)[pri:0, instance:org.run.Articles_Interest_Rate@2dcd168a]" started-at="2023-04-10T13:32:09Z" name="verifyLink" data-provider="getTestData" finished-at="2023-04-10T13:32:12Z" duration-ms="2739" status="PASS">
          <params>
            <param index="0">
              <value>
                <![CDATA[288]]>
              </value>
            </param>
            <param index="1">
              <value>
                <![CDATA[https://sitsfl.stfc.in/article-fixed-deposit-investing-9-important-things-you-should-know-before-investing-in-fd]]>
              </value>
            </param>
          </params>
          <reporter-output>
          </reporter-output>
        </test-method> <!-- verifyLink -->
        <test-method signature="verifyLink(java.lang.String, java.lang.String)[pri:0, instance:org.run.Articles_Interest_Rate@2dcd168a]" started-at="2023-04-10T13:32:12Z" name="verifyLink" data-provider="getTestData" finished-at="2023-04-10T13:32:14Z" duration-ms="2679" status="PASS">
          <params>
            <param index="0">
              <value>
                <![CDATA[289]]>
              </value>
            </param>
            <param index="1">
              <value>
                <![CDATA[https://sitsfl.stfc.in/article-top-reasons-to-invest-in-a-fixed-deposit]]>
              </value>
            </param>
          </params>
          <reporter-output>
          </reporter-output>
        </test-method> <!-- verifyLink -->
        <test-method signature="verifyLink(java.lang.String, java.lang.String)[pri:0, instance:org.run.Articles_Interest_Rate@2dcd168a]" started-at="2023-04-10T13:32:14Z" name="verifyLink" data-provider="getTestData" finished-at="2023-04-10T13:32:17Z" duration-ms="2589" status="PASS">
          <params>
            <param index="0">
              <value>
                <![CDATA[290]]>
              </value>
            </param>
            <param index="1">
              <value>
                <![CDATA[https://sitsfl.stfc.in/article-6-things-to-know-before-investing-in-an-fd-instead-of-rd]]>
              </value>
            </param>
          </params>
          <reporter-output>
          </reporter-output>
        </test-method> <!-- verifyLink -->
        <test-method signature="verifyLink(java.lang.String, java.lang.String)[pri:0, instance:org.run.Articles_Interest_Rate@2dcd168a]" started-at="2023-04-10T13:32:17Z" name="verifyLink" data-provider="getTestData" finished-at="2023-04-10T13:32:20Z" duration-ms="2568" status="PASS">
          <params>
            <param index="0">
              <value>
                <![CDATA[291]]>
              </value>
            </param>
            <param index="1">
              <value>
                <![CDATA[https://sitsfl.stfc.in/article-fixed-deposit-vs-life-insurance-which-is-the-better-investment]]>
              </value>
            </param>
          </params>
          <reporter-output>
          </reporter-output>
        </test-method> <!-- verifyLink -->
        <test-method signature="verifyLink(java.lang.String, java.lang.String)[pri:0, instance:org.run.Articles_Interest_Rate@2dcd168a]" started-at="2023-04-10T13:32:20Z" name="verifyLink" data-provider="getTestData" finished-at="2023-04-10T13:32:22Z" duration-ms="2690" status="PASS">
          <params>
            <param index="0">
              <value>
                <![CDATA[292]]>
              </value>
            </param>
            <param index="1">
              <value>
                <![CDATA[https://sitsfl.stfc.in/article-quickest-way-to-get-rich-with-fd-investment]]>
              </value>
            </param>
          </params>
          <reporter-output>
          </reporter-output>
        </test-method> <!-- verifyLink -->
        <test-method signature="verifyLink(java.lang.String, java.lang.String)[pri:0, instance:org.run.Articles_Interest_Rate@2dcd168a]" started-at="2023-04-10T13:32:22Z" name="verifyLink" data-provider="getTestData" finished-at="2023-04-10T13:32:25Z" duration-ms="2780" status="PASS">
          <params>
            <param index="0">
              <value>
                <![CDATA[293]]>
              </value>
            </param>
            <param index="1">
              <value>
                <![CDATA[https://sitsfl.stfc.in/article-term-deposit-vs-fixed-deposit]]>
              </value>
            </param>
          </params>
          <reporter-output>
          </reporter-output>
        </test-method> <!-- verifyLink -->
        <test-method signature="verifyLink(java.lang.String, java.lang.String)[pri:0, instance:org.run.Articles_Interest_Rate@2dcd168a]" started-at="2023-04-10T13:32:25Z" name="verifyLink" data-provider="getTestData" finished-at="2023-04-10T13:32:28Z" duration-ms="2804" status="PASS">
          <params>
            <param index="0">
              <value>
                <![CDATA[294]]>
              </value>
            </param>
            <param index="1">
              <value>
                <![CDATA[https://sitsfl.stfc.in/article-the-best-investment-strategy]]>
              </value>
            </param>
          </params>
          <reporter-output>
          </reporter-output>
        </test-method> <!-- verifyLink -->
        <test-method signature="verifyLink(java.lang.String, java.lang.String)[pri:0, instance:org.run.Articles_Interest_Rate@2dcd168a]" started-at="2023-04-10T13:32:28Z" name="verifyLink" data-provider="getTestData" finished-at="2023-04-10T13:32:31Z" duration-ms="2906" status="PASS">
          <params>
            <param index="0">
              <value>
                <![CDATA[295]]>
              </value>
            </param>
            <param index="1">
              <value>
                <![CDATA[https://sitsfl.stfc.in/article-top-7-investment-options-for-senior-citizens]]>
              </value>
            </param>
          </params>
          <reporter-output>
          </reporter-output>
        </test-method> <!-- verifyLink -->
        <test-method signature="verifyLink(java.lang.String, java.lang.String)[pri:0, instance:org.run.Articles_Interest_Rate@2dcd168a]" started-at="2023-04-10T13:32:31Z" name="verifyLink" data-provider="getTestData" finished-at="2023-04-10T13:32:34Z" duration-ms="3224" status="PASS">
          <params>
            <param index="0">
              <value>
                <![CDATA[296]]>
              </value>
            </param>
            <param index="1">
              <value>
                <![CDATA[https://sitsfl.stfc.in/article-liquid-funds-vs-fixed-deposits]]>
              </value>
            </param>
          </params>
          <reporter-output>
          </reporter-output>
        </test-method> <!-- verifyLink -->
        <test-method signature="verifyLink(java.lang.String, java.lang.String)[pri:0, instance:org.run.Articles_Interest_Rate@2dcd168a]" started-at="2023-04-10T13:32:34Z" name="verifyLink" data-provider="getTestData" finished-at="2023-04-10T13:32:37Z" duration-ms="2594" status="PASS">
          <params>
            <param index="0">
              <value>
                <![CDATA[297]]>
              </value>
            </param>
            <param index="1">
              <value>
                <![CDATA[https://sitsfl.stfc.in/article-3-risk-free-tax-saving-investment-plans-for-senior-citizens]]>
              </value>
            </param>
          </params>
          <reporter-output>
          </reporter-output>
        </test-method> <!-- verifyLink -->
        <test-method signature="verifyLink(java.lang.String, java.lang.String)[pri:0, instance:org.run.Articles_Interest_Rate@2dcd168a]" started-at="2023-04-10T13:32:37Z" name="verifyLink" data-provider="getTestData" finished-at="2023-04-10T13:32:39Z" duration-ms="2844" status="PASS">
          <params>
            <param index="0">
              <value>
                <![CDATA[298]]>
              </value>
            </param>
            <param index="1">
              <value>
                <![CDATA[https://sitsfl.stfc.in/article-budget-2023-for-tax-payers-and-investors]]>
              </value>
            </param>
          </params>
          <reporter-output>
          </reporter-output>
        </test-method> <!-- verifyLink -->
        <test-method signature="verifyLink(java.lang.String, java.lang.String)[pri:0, instance:org.run.Articles_Interest_Rate@2dcd168a]" started-at="2023-04-10T13:32:39Z" name="verifyLink" data-provider="getTestData" finished-at="2023-04-10T13:32:42Z" duration-ms="2531" status="PASS">
          <params>
            <param index="0">
              <value>
                <![CDATA[299]]>
              </value>
            </param>
            <param index="1">
              <value>
                <![CDATA[https://sitsfl.stfc.in/article-10-factors-to-consider-for-investing-fd]]>
              </value>
            </param>
          </params>
          <reporter-output>
          </reporter-output>
        </test-method> <!-- verifyLink -->
        <test-method signature="verifyLink(java.lang.String, java.lang.String)[pri:0, instance:org.run.Articles_Interest_Rate@2dcd168a]" started-at="2023-04-10T13:32:42Z" name="verifyLink" data-provider="getTestData" finished-at="2023-04-10T13:32:45Z" duration-ms="2547" status="PASS">
          <params>
            <param index="0">
              <value>
                <![CDATA[300]]>
              </value>
            </param>
            <param index="1">
              <value>
                <![CDATA[https://sitsfl.stfc.in/article-5-important-factors-to-consider-while-planning-finances-at-60]]>
              </value>
            </param>
          </params>
          <reporter-output>
          </reporter-output>
        </test-method> <!-- verifyLink -->
        <test-method signature="verifyLink(java.lang.String, java.lang.String)[pri:0, instance:org.run.Articles_Interest_Rate@2dcd168a]" started-at="2023-04-10T13:32:45Z" name="verifyLink" data-provider="getTestData" finished-at="2023-04-10T13:32:47Z" duration-ms="2730" status="PASS">
          <params>
            <param index="0">
              <value>
                <![CDATA[301]]>
              </value>
            </param>
            <param index="1">
              <value>
                <![CDATA[https://sitsfl.stfc.in/article-top-5-unmissable-investment-plan-options]]>
              </value>
            </param>
          </params>
          <reporter-output>
          </reporter-output>
        </test-method> <!-- verifyLink -->
        <test-method signature="verifyLink(java.lang.String, java.lang.String)[pri:0, instance:org.run.Articles_Interest_Rate@2dcd168a]" started-at="2023-04-10T13:32:47Z" name="verifyLink" data-provider="getTestData" finished-at="2023-04-10T13:32:50Z" duration-ms="2561" status="PASS">
          <params>
            <param index="0">
              <value>
                <![CDATA[302]]>
              </value>
            </param>
            <param index="1">
              <value>
                <![CDATA[https://sitsfl.stfc.in/article-what-is-fixed-deposit-account-how-does-it-work]]>
              </value>
            </param>
          </params>
          <reporter-output>
          </reporter-output>
        </test-method> <!-- verifyLink -->
        <test-method signature="verifyLink(java.lang.String, java.lang.String)[pri:0, instance:org.run.Articles_Interest_Rate@2dcd168a]" started-at="2023-04-10T13:32:50Z" name="verifyLink" data-provider="getTestData" finished-at="2023-04-10T13:32:53Z" duration-ms="2698" status="PASS">
          <params>
            <param index="0">
              <value>
                <![CDATA[303]]>
              </value>
            </param>
            <param index="1">
              <value>
                <![CDATA[https://sitsfl.stfc.in/article-6-little-known-factors-that-could-affect-your-fixed-deposit-investment]]>
              </value>
            </param>
          </params>
          <reporter-output>
          </reporter-output>
        </test-method> <!-- verifyLink -->
        <test-method signature="verifyLink(java.lang.String, java.lang.String)[pri:0, instance:org.run.Articles_Interest_Rate@2dcd168a]" started-at="2023-04-10T13:32:53Z" name="verifyLink" data-provider="getTestData" finished-at="2023-04-10T13:32:55Z" duration-ms="2742" status="PASS">
          <params>
            <param index="0">
              <value>
                <![CDATA[304]]>
              </value>
            </param>
            <param index="1">
              <value>
                <![CDATA[https://sitsfl.stfc.in/article-how-to-calculate-interest-in-a-corporate-fixed-deposit-scheme]]>
              </value>
            </param>
          </params>
          <reporter-output>
          </reporter-output>
        </test-method> <!-- verifyLink -->
        <test-method signature="verifyLink(java.lang.String, java.lang.String)[pri:0, instance:org.run.Articles_Interest_Rate@2dcd168a]" started-at="2023-04-10T13:32:55Z" name="verifyLink" data-provider="getTestData" finished-at="2023-04-10T13:32:58Z" duration-ms="2726" status="PASS">
          <params>
            <param index="0">
              <value>
                <![CDATA[305]]>
              </value>
            </param>
            <param index="1">
              <value>
                <![CDATA[https://sitsfl.stfc.in/article-consequences-of-not-renewing-or-withdrawing-your-fd]]>
              </value>
            </param>
          </params>
          <reporter-output>
          </reporter-output>
        </test-method> <!-- verifyLink -->
        <test-method signature="verifyLink(java.lang.String, java.lang.String)[pri:0, instance:org.run.Articles_Interest_Rate@2dcd168a]" started-at="2023-04-10T13:32:58Z" name="verifyLink" data-provider="getTestData" finished-at="2023-04-10T13:33:01Z" duration-ms="2739" status="PASS">
          <params>
            <param index="0">
              <value>
                <![CDATA[306]]>
              </value>
            </param>
            <param index="1">
              <value>
                <![CDATA[https://sitsfl.stfc.in/article-new-increase-in-fd-interest-rates]]>
              </value>
            </param>
          </params>
          <reporter-output>
          </reporter-output>
        </test-method> <!-- verifyLink -->
        <test-method is-config="true" signature="browserQuit()[pri:0, instance:org.run.Articles_Interest_Rate@2dcd168a]" started-at="2023-04-10T13:33:01Z" name="browserQuit" finished-at="2023-04-10T13:33:02Z" duration-ms="1135" status="PASS">
          <reporter-output>
          </reporter-output>
        </test-method> <!-- browserQuit -->
      </class> <!-- org.run.Articles_Interest_Rate -->
    </test> <!-- Default test -->
  </suite> <!-- Default suite -->
</testng-results>
