<?xml version="1.0" encoding="UTF-8"?>
<testng-results ignored="0" total="306" passed="306" failed="0" skipped="0">
  <reporter-output>
  </reporter-output>
  <suite started-at="2023-03-27T07:26:15Z" name="Default suite" finished-at="2023-03-27T07:43:32Z" duration-ms="1037024">
    <groups>
    </groups>
    <test started-at="2023-03-27T07:26:15Z" name="Default test" finished-at="2023-03-27T07:43:32Z" duration-ms="1037024">
      <class name="org.run.article">
        <test-method is-config="true" signature="browserLaunch()[pri:0, instance:org.run.article@2dcd168a]" started-at="2023-03-27T07:26:15Z" name="browserLaunch" finished-at="2023-03-27T07:26:21Z" duration-ms="5588" status="PASS">
          <reporter-output>
          </reporter-output>
        </test-method> <!-- browserLaunch -->
        <test-method signature="execute(java.lang.String, java.lang.String)[pri:0, instance:org.run.article@2dcd168a]" started-at="2023-03-27T07:26:22Z" name="execute" data-provider="getTestData" finished-at="2023-03-27T07:26:27Z" duration-ms="5225" status="PASS">
          <params>
            <param index="0">
              <value>
                <![CDATA[1]]>
              </value>
            </param>
            <param index="1">
              <value>
                <![CDATA[https://www.shriramfinance.in/article-why-shriram-finance-fixed-deposit-is-the-best]]>
              </value>
            </param>
          </params>
          <reporter-output>
          </reporter-output>
        </test-method> <!-- execute -->
        <test-method signature="execute(java.lang.String, java.lang.String)[pri:0, instance:org.run.article@2dcd168a]" started-at="2023-03-27T07:26:27Z" name="execute" data-provider="getTestData" finished-at="2023-03-27T07:26:31Z" duration-ms="3720" status="PASS">
          <params>
            <param index="0">
              <value>
                <![CDATA[2]]>
              </value>
            </param>
            <param index="1">
              <value>
                <![CDATA[https://www.shriramfinance.in/article-cibil-score-for-bike-loan]]>
              </value>
            </param>
          </params>
          <reporter-output>
          </reporter-output>
        </test-method> <!-- execute -->
        <test-method signature="execute(java.lang.String, java.lang.String)[pri:0, instance:org.run.article@2dcd168a]" started-at="2023-03-27T07:26:31Z" name="execute" data-provider="getTestData" finished-at="2023-03-27T07:26:34Z" duration-ms="3370" status="PASS">
          <params>
            <param index="0">
              <value>
                <![CDATA[3]]>
              </value>
            </param>
            <param index="1">
              <value>
                <![CDATA[https://www.shriramfinance.in/article-how-to-apply-for-two-wheeler-loan-online]]>
              </value>
            </param>
          </params>
          <reporter-output>
          </reporter-output>
        </test-method> <!-- execute -->
        <test-method signature="execute(java.lang.String, java.lang.String)[pri:0, instance:org.run.article@2dcd168a]" started-at="2023-03-27T07:26:34Z" name="execute" data-provider="getTestData" finished-at="2023-03-27T07:26:38Z" duration-ms="3881" status="PASS">
          <params>
            <param index="0">
              <value>
                <![CDATA[4]]>
              </value>
            </param>
            <param index="1">
              <value>
                <![CDATA[https://www.shriramfinance.in/article-ultimate-guide-for-foreclosure-charges]]>
              </value>
            </param>
          </params>
          <reporter-output>
          </reporter-output>
        </test-method> <!-- execute -->
        <test-method signature="execute(java.lang.String, java.lang.String)[pri:0, instance:org.run.article@2dcd168a]" started-at="2023-03-27T07:26:38Z" name="execute" data-provider="getTestData" finished-at="2023-03-27T07:26:42Z" duration-ms="3630" status="PASS">
          <params>
            <param index="0">
              <value>
                <![CDATA[5]]>
              </value>
            </param>
            <param index="1">
              <value>
                <![CDATA[https://www.shriramfinance.in/article-bike-loan-for-student]]>
              </value>
            </param>
          </params>
          <reporter-output>
          </reporter-output>
        </test-method> <!-- execute -->
        <test-method signature="execute(java.lang.String, java.lang.String)[pri:0, instance:org.run.article@2dcd168a]" started-at="2023-03-27T07:26:42Z" name="execute" data-provider="getTestData" finished-at="2023-03-27T07:26:45Z" duration-ms="3730" status="PASS">
          <params>
            <param index="0">
              <value>
                <![CDATA[6]]>
              </value>
            </param>
            <param index="1">
              <value>
                <![CDATA[https://www.shriramfinance.in/article-monthly-interest-for-one-lakh-fixed-deposit]]>
              </value>
            </param>
          </params>
          <reporter-output>
          </reporter-output>
        </test-method> <!-- execute -->
        <test-method signature="execute(java.lang.String, java.lang.String)[pri:0, instance:org.run.article@2dcd168a]" started-at="2023-03-27T07:26:45Z" name="execute" data-provider="getTestData" finished-at="2023-03-27T07:26:49Z" duration-ms="3637" status="PASS">
          <params>
            <param index="0">
              <value>
                <![CDATA[7]]>
              </value>
            </param>
            <param index="1">
              <value>
                <![CDATA[https://www.shriramfinance.in/article-all-about-gold-loan-and-how-does-gold-loan-work]]>
              </value>
            </param>
          </params>
          <reporter-output>
          </reporter-output>
        </test-method> <!-- execute -->
        <test-method signature="execute(java.lang.String, java.lang.String)[pri:0, instance:org.run.article@2dcd168a]" started-at="2023-03-27T07:26:49Z" name="execute" data-provider="getTestData" finished-at="2023-03-27T07:26:53Z" duration-ms="3710" status="PASS">
          <params>
            <param index="0">
              <value>
                <![CDATA[8]]>
              </value>
            </param>
            <param index="1">
              <value>
                <![CDATA[https://www.shriramfinance.in/article-are-loans-available-for-used-two-wheeler]]>
              </value>
            </param>
          </params>
          <reporter-output>
          </reporter-output>
        </test-method> <!-- execute -->
        <test-method signature="execute(java.lang.String, java.lang.String)[pri:0, instance:org.run.article@2dcd168a]" started-at="2023-03-27T07:26:53Z" name="execute" data-provider="getTestData" finished-at="2023-03-27T07:26:56Z" duration-ms="3166" status="PASS">
          <params>
            <param index="0">
              <value>
                <![CDATA[9]]>
              </value>
            </param>
            <param index="1">
              <value>
                <![CDATA[https://www.shriramfinance.in/article-factors-to-consider-while-buying-bike]]>
              </value>
            </param>
          </params>
          <reporter-output>
          </reporter-output>
        </test-method> <!-- execute -->
        <test-method signature="execute(java.lang.String, java.lang.String)[pri:0, instance:org.run.article@2dcd168a]" started-at="2023-03-27T07:26:56Z" name="execute" data-provider="getTestData" finished-at="2023-03-27T07:26:59Z" duration-ms="3371" status="PASS">
          <params>
            <param index="0">
              <value>
                <![CDATA[10]]>
              </value>
            </param>
            <param index="1">
              <value>
                <![CDATA[https://www.shriramfinance.in/article-what-happens-when-you-delay-bike-loan-emi]]>
              </value>
            </param>
          </params>
          <reporter-output>
          </reporter-output>
        </test-method> <!-- execute -->
        <test-method signature="execute(java.lang.String, java.lang.String)[pri:0, instance:org.run.article@2dcd168a]" started-at="2023-03-27T07:26:59Z" name="execute" data-provider="getTestData" finished-at="2023-03-27T07:27:03Z" duration-ms="3425" status="PASS">
          <params>
            <param index="0">
              <value>
                <![CDATA[11]]>
              </value>
            </param>
            <param index="1">
              <value>
                <![CDATA[https://www.shriramfinance.in/article-skys-the-limit-with-shriram-finance-two-wheeler-loan]]>
              </value>
            </param>
          </params>
          <reporter-output>
          </reporter-output>
        </test-method> <!-- execute -->
        <test-method signature="execute(java.lang.String, java.lang.String)[pri:0, instance:org.run.article@2dcd168a]" started-at="2023-03-27T07:27:03Z" name="execute" data-provider="getTestData" finished-at="2023-03-27T07:27:06Z" duration-ms="3218" status="PASS">
          <params>
            <param index="0">
              <value>
                <![CDATA[12]]>
              </value>
            </param>
            <param index="1">
              <value>
                <![CDATA[https://www.shriramfinance.in/article-can-i-buy-bike-without-down-payment]]>
              </value>
            </param>
          </params>
          <reporter-output>
          </reporter-output>
        </test-method> <!-- execute -->
        <test-method signature="execute(java.lang.String, java.lang.String)[pri:0, instance:org.run.article@2dcd168a]" started-at="2023-03-27T07:27:06Z" name="execute" data-provider="getTestData" finished-at="2023-03-27T07:27:09Z" duration-ms="3511" status="PASS">
          <params>
            <param index="0">
              <value>
                <![CDATA[13]]>
              </value>
            </param>
            <param index="1">
              <value>
                <![CDATA[https://www.shriramfinance.in/article-things-you-should-know-about-senior-citizen-fixed-deposit]]>
              </value>
            </param>
          </params>
          <reporter-output>
          </reporter-output>
        </test-method> <!-- execute -->
        <test-method signature="execute(java.lang.String, java.lang.String)[pri:0, instance:org.run.article@2dcd168a]" started-at="2023-03-27T07:27:09Z" name="execute" data-provider="getTestData" finished-at="2023-03-27T07:27:13Z" duration-ms="3207" status="PASS">
          <params>
            <param index="0">
              <value>
                <![CDATA[14]]>
              </value>
            </param>
            <param index="1">
              <value>
                <![CDATA[https://www.shriramfinance.in/article-two-wheeler-loan-know-all-about-two-wheeler-loan]]>
              </value>
            </param>
          </params>
          <reporter-output>
          </reporter-output>
        </test-method> <!-- execute -->
        <test-method signature="execute(java.lang.String, java.lang.String)[pri:0, instance:org.run.article@2dcd168a]" started-at="2023-03-27T07:27:13Z" name="execute" data-provider="getTestData" finished-at="2023-03-27T07:27:16Z" duration-ms="3396" status="PASS">
          <params>
            <param index="0">
              <value>
                <![CDATA[15]]>
              </value>
            </param>
            <param index="1">
              <value>
                <![CDATA[https://www.shriramfinance.in/article-benefits-of-investing-in-fixed-deposit]]>
              </value>
            </param>
          </params>
          <reporter-output>
          </reporter-output>
        </test-method> <!-- execute -->
        <test-method signature="execute(java.lang.String, java.lang.String)[pri:0, instance:org.run.article@2dcd168a]" started-at="2023-03-27T07:27:16Z" name="execute" data-provider="getTestData" finished-at="2023-03-27T07:27:20Z" duration-ms="3691" status="PASS">
          <params>
            <param index="0">
              <value>
                <![CDATA[16]]>
              </value>
            </param>
            <param index="1">
              <value>
                <![CDATA[https://www.shriramfinance.in/article-fixed-interest-rates-vs-floating-interest-rates-choose-the-best]]>
              </value>
            </param>
          </params>
          <reporter-output>
          </reporter-output>
        </test-method> <!-- execute -->
        <test-method signature="execute(java.lang.String, java.lang.String)[pri:0, instance:org.run.article@2dcd168a]" started-at="2023-03-27T07:27:20Z" name="execute" data-provider="getTestData" finished-at="2023-03-27T07:27:23Z" duration-ms="3109" status="PASS">
          <params>
            <param index="0">
              <value>
                <![CDATA[17]]>
              </value>
            </param>
            <param index="1">
              <value>
                <![CDATA[https://www.shriramfinance.in/article-different-payment-plans]]>
              </value>
            </param>
          </params>
          <reporter-output>
          </reporter-output>
        </test-method> <!-- execute -->
        <test-method signature="execute(java.lang.String, java.lang.String)[pri:0, instance:org.run.article@2dcd168a]" started-at="2023-03-27T07:27:23Z" name="execute" data-provider="getTestData" finished-at="2023-03-27T07:27:26Z" duration-ms="3375" status="PASS">
          <params>
            <param index="0">
              <value>
                <![CDATA[18]]>
              </value>
            </param>
            <param index="1">
              <value>
                <![CDATA[https://www.shriramfinance.in/article-what-is-msme-loan]]>
              </value>
            </param>
          </params>
          <reporter-output>
          </reporter-output>
        </test-method> <!-- execute -->
        <test-method signature="execute(java.lang.String, java.lang.String)[pri:0, instance:org.run.article@2dcd168a]" started-at="2023-03-27T07:27:26Z" name="execute" data-provider="getTestData" finished-at="2023-03-27T07:27:29Z" duration-ms="3174" status="PASS">
          <params>
            <param index="0">
              <value>
                <![CDATA[19]]>
              </value>
            </param>
            <param index="1">
              <value>
                <![CDATA[https://www.shriramfinance.in/article-all-about-two-wheeler-loan-gst-and-interest-rates]]>
              </value>
            </param>
          </params>
          <reporter-output>
          </reporter-output>
        </test-method> <!-- execute -->
        <test-method signature="execute(java.lang.String, java.lang.String)[pri:0, instance:org.run.article@2dcd168a]" started-at="2023-03-27T07:27:29Z" name="execute" data-provider="getTestData" finished-at="2023-03-27T07:27:33Z" duration-ms="3401" status="PASS">
          <params>
            <param index="0">
              <value>
                <![CDATA[20]]>
              </value>
            </param>
            <param index="1">
              <value>
                <![CDATA[https://www.shriramfinance.in/article-flexible-payment-options-for-gold-loan-scheme]]>
              </value>
            </param>
          </params>
          <reporter-output>
          </reporter-output>
        </test-method> <!-- execute -->
        <test-method signature="execute(java.lang.String, java.lang.String)[pri:0, instance:org.run.article@2dcd168a]" started-at="2023-03-27T07:27:33Z" name="execute" data-provider="getTestData" finished-at="2023-03-27T07:27:36Z" duration-ms="3436" status="PASS">
          <params>
            <param index="0">
              <value>
                <![CDATA[21]]>
              </value>
            </param>
            <param index="1">
              <value>
                <![CDATA[https://www.shriramfinance.in/article-interest-rate-charged-on-a-two-wheeler-loan]]>
              </value>
            </param>
          </params>
          <reporter-output>
          </reporter-output>
        </test-method> <!-- execute -->
        <test-method signature="execute(java.lang.String, java.lang.String)[pri:0, instance:org.run.article@2dcd168a]" started-at="2023-03-27T07:27:36Z" name="execute" data-provider="getTestData" finished-at="2023-03-27T07:27:40Z" duration-ms="3454" status="PASS">
          <params>
            <param index="0">
              <value>
                <![CDATA[22]]>
              </value>
            </param>
            <param index="1">
              <value>
                <![CDATA[https://www.shriramfinance.in/article-is-it-possible-to-increase-the-credit-limit-on-business-loan]]>
              </value>
            </param>
          </params>
          <reporter-output>
          </reporter-output>
        </test-method> <!-- execute -->
        <test-method signature="execute(java.lang.String, java.lang.String)[pri:0, instance:org.run.article@2dcd168a]" started-at="2023-03-27T07:27:40Z" name="execute" data-provider="getTestData" finished-at="2023-03-27T07:27:43Z" duration-ms="3357" status="PASS">
          <params>
            <param index="0">
              <value>
                <![CDATA[23]]>
              </value>
            </param>
            <param index="1">
              <value>
                <![CDATA[https://www.shriramfinance.in/article-is-there-any-maximum-and-minimum-limit-for-availing-gold-loan]]>
              </value>
            </param>
          </params>
          <reporter-output>
          </reporter-output>
        </test-method> <!-- execute -->
        <test-method signature="execute(java.lang.String, java.lang.String)[pri:0, instance:org.run.article@2dcd168a]" started-at="2023-03-27T07:27:43Z" name="execute" data-provider="getTestData" finished-at="2023-03-27T07:27:46Z" duration-ms="3448" status="PASS">
          <params>
            <param index="0">
              <value>
                <![CDATA[24]]>
              </value>
            </param>
            <param index="1">
              <value>
                <![CDATA[https://www.shriramfinance.in/article-what-happens-when-you-fail-to-pay-an-emi]]>
              </value>
            </param>
          </params>
          <reporter-output>
          </reporter-output>
        </test-method> <!-- execute -->
        <test-method signature="execute(java.lang.String, java.lang.String)[pri:0, instance:org.run.article@2dcd168a]" started-at="2023-03-27T07:27:46Z" name="execute" data-provider="getTestData" finished-at="2023-03-27T07:27:50Z" duration-ms="3481" status="PASS">
          <params>
            <param index="0">
              <value>
                <![CDATA[25]]>
              </value>
            </param>
            <param index="1">
              <value>
                <![CDATA[https://www.shriramfinance.in/article-bank-fixed-deposit-or-non-bank-fixed-deposit]]>
              </value>
            </param>
          </params>
          <reporter-output>
          </reporter-output>
        </test-method> <!-- execute -->
        <test-method signature="execute(java.lang.String, java.lang.String)[pri:0, instance:org.run.article@2dcd168a]" started-at="2023-03-27T07:27:50Z" name="execute" data-provider="getTestData" finished-at="2023-03-27T07:27:53Z" duration-ms="3010" status="PASS">
          <params>
            <param index="0">
              <value>
                <![CDATA[26]]>
              </value>
            </param>
            <param index="1">
              <value>
                <![CDATA[https://www.shriramfinance.in/article-ai-resolution-in-lending-hype-or-reality]]>
              </value>
            </param>
          </params>
          <reporter-output>
          </reporter-output>
        </test-method> <!-- execute -->
        <test-method signature="execute(java.lang.String, java.lang.String)[pri:0, instance:org.run.article@2dcd168a]" started-at="2023-03-27T07:27:53Z" name="execute" data-provider="getTestData" finished-at="2023-03-27T07:27:56Z" duration-ms="3528" status="PASS">
          <params>
            <param index="0">
              <value>
                <![CDATA[27]]>
              </value>
            </param>
            <param index="1">
              <value>
                <![CDATA[https://www.shriramfinance.in/article-what-can-an-msme-sme-loan-be-used-for]]>
              </value>
            </param>
          </params>
          <reporter-output>
          </reporter-output>
        </test-method> <!-- execute -->
        <test-method signature="execute(java.lang.String, java.lang.String)[pri:0, instance:org.run.article@2dcd168a]" started-at="2023-03-27T07:27:56Z" name="execute" data-provider="getTestData" finished-at="2023-03-27T07:28:00Z" duration-ms="3172" status="PASS">
          <params>
            <param index="0">
              <value>
                <![CDATA[28]]>
              </value>
            </param>
            <param index="1">
              <value>
                <![CDATA[https://www.shriramfinance.in/article-is-there-any-extra-interest-in-fd-renewal]]>
              </value>
            </param>
          </params>
          <reporter-output>
          </reporter-output>
        </test-method> <!-- execute -->
        <test-method signature="execute(java.lang.String, java.lang.String)[pri:0, instance:org.run.article@2dcd168a]" started-at="2023-03-27T07:28:00Z" name="execute" data-provider="getTestData" finished-at="2023-03-27T07:28:03Z" duration-ms="3324" status="PASS">
          <params>
            <param index="0">
              <value>
                <![CDATA[29]]>
              </value>
            </param>
            <param index="1">
              <value>
                <![CDATA[https://www.shriramfinance.in/article-what-is-the-minimum-and-maximum-investment-amount-for-shriram-finance-recurring-deposit]]>
              </value>
            </param>
          </params>
          <reporter-output>
          </reporter-output>
        </test-method> <!-- execute -->
        <test-method signature="execute(java.lang.String, java.lang.String)[pri:0, instance:org.run.article@2dcd168a]" started-at="2023-03-27T07:28:03Z" name="execute" data-provider="getTestData" finished-at="2023-03-27T07:28:07Z" duration-ms="3803" status="PASS">
          <params>
            <param index="0">
              <value>
                <![CDATA[30]]>
              </value>
            </param>
            <param index="1">
              <value>
                <![CDATA[https://www.shriramfinance.in/article-what-is-the-minimum-down-payment-for-a-two-wheeler-loan]]>
              </value>
            </param>
          </params>
          <reporter-output>
          </reporter-output>
        </test-method> <!-- execute -->
        <test-method signature="execute(java.lang.String, java.lang.String)[pri:0, instance:org.run.article@2dcd168a]" started-at="2023-03-27T07:28:07Z" name="execute" data-provider="getTestData" finished-at="2023-03-27T07:28:11Z" duration-ms="3790" status="PASS">
          <params>
            <param index="0">
              <value>
                <![CDATA[31]]>
              </value>
            </param>
            <param index="1">
              <value>
                <![CDATA[https://www.shriramfinance.in/article-how-to-get-instant-approvals-on-bike-loan]]>
              </value>
            </param>
          </params>
          <reporter-output>
          </reporter-output>
        </test-method> <!-- execute -->
        <test-method signature="execute(java.lang.String, java.lang.String)[pri:0, instance:org.run.article@2dcd168a]" started-at="2023-03-27T07:28:11Z" name="execute" data-provider="getTestData" finished-at="2023-03-27T07:28:14Z" duration-ms="3664" status="PASS">
          <params>
            <param index="0">
              <value>
                <![CDATA[32]]>
              </value>
            </param>
            <param index="1">
              <value>
                <![CDATA[https://www.shriramfinance.in/article-fixed-deposit-five-problems-one-solution]]>
              </value>
            </param>
          </params>
          <reporter-output>
          </reporter-output>
        </test-method> <!-- execute -->
        <test-method signature="execute(java.lang.String, java.lang.String)[pri:0, instance:org.run.article@2dcd168a]" started-at="2023-03-27T07:28:14Z" name="execute" data-provider="getTestData" finished-at="2023-03-27T07:28:18Z" duration-ms="3606" status="PASS">
          <params>
            <param index="0">
              <value>
                <![CDATA[33]]>
              </value>
            </param>
            <param index="1">
              <value>
                <![CDATA[https://www.shriramfinance.in/article-11-ways-to-completely-maximise-your-business-with-the-help-of-shriram-business-loan]]>
              </value>
            </param>
          </params>
          <reporter-output>
          </reporter-output>
        </test-method> <!-- execute -->
        <test-method signature="execute(java.lang.String, java.lang.String)[pri:0, instance:org.run.article@2dcd168a]" started-at="2023-03-27T07:28:18Z" name="execute" data-provider="getTestData" finished-at="2023-03-27T07:28:22Z" duration-ms="3679" status="PASS">
          <params>
            <param index="0">
              <value>
                <![CDATA[34]]>
              </value>
            </param>
            <param index="1">
              <value>
                <![CDATA[https://www.shriramfinance.in/article-business-loan-five-problems-one-solution]]>
              </value>
            </param>
          </params>
          <reporter-output>
          </reporter-output>
        </test-method> <!-- execute -->
        <test-method signature="execute(java.lang.String, java.lang.String)[pri:0, instance:org.run.article@2dcd168a]" started-at="2023-03-27T07:28:22Z" name="execute" data-provider="getTestData" finished-at="2023-03-27T07:28:25Z" duration-ms="3087" status="PASS">
          <params>
            <param index="0">
              <value>
                <![CDATA[35]]>
              </value>
            </param>
            <param index="1">
              <value>
                <![CDATA[https://www.shriramfinance.in/article-important-points-to-consider-before-taking-a-two-wheeler-loan]]>
              </value>
            </param>
          </params>
          <reporter-output>
          </reporter-output>
        </test-method> <!-- execute -->
        <test-method signature="execute(java.lang.String, java.lang.String)[pri:0, instance:org.run.article@2dcd168a]" started-at="2023-03-27T07:28:25Z" name="execute" data-provider="getTestData" finished-at="2023-03-27T07:28:28Z" duration-ms="3574" status="PASS">
          <params>
            <param index="0">
              <value>
                <![CDATA[36]]>
              </value>
            </param>
            <param index="1">
              <value>
                <![CDATA[https://www.shriramfinance.in/article-how-are-nbfcs-keepin-up-with-the-gold-demand-surge]]>
              </value>
            </param>
          </params>
          <reporter-output>
          </reporter-output>
        </test-method> <!-- execute -->
        <test-method signature="execute(java.lang.String, java.lang.String)[pri:0, instance:org.run.article@2dcd168a]" started-at="2023-03-27T07:28:28Z" name="execute" data-provider="getTestData" finished-at="2023-03-27T07:28:32Z" duration-ms="3353" status="PASS">
          <params>
            <param index="0">
              <value>
                <![CDATA[37]]>
              </value>
            </param>
            <param index="1">
              <value>
                <![CDATA[https://www.shriramfinance.in/article-why-you-should-invest-more-time-on-recurring-deposit]]>
              </value>
            </param>
          </params>
          <reporter-output>
          </reporter-output>
        </test-method> <!-- execute -->
        <test-method signature="execute(java.lang.String, java.lang.String)[pri:0, instance:org.run.article@2dcd168a]" started-at="2023-03-27T07:28:32Z" name="execute" data-provider="getTestData" finished-at="2023-03-27T07:28:35Z" duration-ms="3513" status="PASS">
          <params>
            <param index="0">
              <value>
                <![CDATA[38]]>
              </value>
            </param>
            <param index="1">
              <value>
                <![CDATA[https://www.shriramfinance.in/article-recurring-deposit-expectations-vs-reality]]>
              </value>
            </param>
          </params>
          <reporter-output>
          </reporter-output>
        </test-method> <!-- execute -->
        <test-method signature="execute(java.lang.String, java.lang.String)[pri:0, instance:org.run.article@2dcd168a]" started-at="2023-03-27T07:28:35Z" name="execute" data-provider="getTestData" finished-at="2023-03-27T07:28:38Z" duration-ms="3334" status="PASS">
          <params>
            <param index="0">
              <value>
                <![CDATA[39]]>
              </value>
            </param>
            <param index="1">
              <value>
                <![CDATA[https://www.shriramfinance.in/article-why-should-you-prefer-an-fd-with-more-than-7-interest-rate]]>
              </value>
            </param>
          </params>
          <reporter-output>
          </reporter-output>
        </test-method> <!-- execute -->
        <test-method signature="execute(java.lang.String, java.lang.String)[pri:0, instance:org.run.article@2dcd168a]" started-at="2023-03-27T07:28:38Z" name="execute" data-provider="getTestData" finished-at="2023-03-27T07:28:42Z" duration-ms="3335" status="PASS">
          <params>
            <param index="0">
              <value>
                <![CDATA[40]]>
              </value>
            </param>
            <param index="1">
              <value>
                <![CDATA[https://www.shriramfinance.in/article-four-ways-to-settle-gold-loan]]>
              </value>
            </param>
          </params>
          <reporter-output>
          </reporter-output>
        </test-method> <!-- execute -->
        <test-method signature="execute(java.lang.String, java.lang.String)[pri:0, instance:org.run.article@2dcd168a]" started-at="2023-03-27T07:28:42Z" name="execute" data-provider="getTestData" finished-at="2023-03-27T07:28:45Z" duration-ms="3373" status="PASS">
          <params>
            <param index="0">
              <value>
                <![CDATA[41]]>
              </value>
            </param>
            <param index="1">
              <value>
                <![CDATA[https://www.shriramfinance.in/article-invest-in-fixed-deposits-safest-and-secure-way-to-get-higher-returns]]>
              </value>
            </param>
          </params>
          <reporter-output>
          </reporter-output>
        </test-method> <!-- execute -->
        <test-method signature="execute(java.lang.String, java.lang.String)[pri:0, instance:org.run.article@2dcd168a]" started-at="2023-03-27T07:28:45Z" name="execute" data-provider="getTestData" finished-at="2023-03-27T07:28:48Z" duration-ms="3363" status="PASS">
          <params>
            <param index="0">
              <value>
                <![CDATA[42]]>
              </value>
            </param>
            <param index="1">
              <value>
                <![CDATA[https://www.shriramfinance.in/article-gold-loan-eligibility-everything-you-need-to-know]]>
              </value>
            </param>
          </params>
          <reporter-output>
          </reporter-output>
        </test-method> <!-- execute -->
        <test-method signature="execute(java.lang.String, java.lang.String)[pri:0, instance:org.run.article@2dcd168a]" started-at="2023-03-27T07:28:48Z" name="execute" data-provider="getTestData" finished-at="2023-03-27T07:28:52Z" duration-ms="3462" status="PASS">
          <params>
            <param index="0">
              <value>
                <![CDATA[43]]>
              </value>
            </param>
            <param index="1">
              <value>
                <![CDATA[https://www.shriramfinance.in/article-the-benefits-of-business-loan-and-how-it-will-help-you-to-grow-your-business]]>
              </value>
            </param>
          </params>
          <reporter-output>
          </reporter-output>
        </test-method> <!-- execute -->
        <test-method signature="execute(java.lang.String, java.lang.String)[pri:0, instance:org.run.article@2dcd168a]" started-at="2023-03-27T07:28:52Z" name="execute" data-provider="getTestData" finished-at="2023-03-27T07:28:55Z" duration-ms="3301" status="PASS">
          <params>
            <param index="0">
              <value>
                <![CDATA[44]]>
              </value>
            </param>
            <param index="1">
              <value>
                <![CDATA[https://www.shriramfinance.in/article-five-biggest-mistakes-to-avoid-when-getting-a-business-loan]]>
              </value>
            </param>
          </params>
          <reporter-output>
          </reporter-output>
        </test-method> <!-- execute -->
        <test-method signature="execute(java.lang.String, java.lang.String)[pri:0, instance:org.run.article@2dcd168a]" started-at="2023-03-27T07:28:55Z" name="execute" data-provider="getTestData" finished-at="2023-03-27T07:28:58Z" duration-ms="3123" status="PASS">
          <params>
            <param index="0">
              <value>
                <![CDATA[45]]>
              </value>
            </param>
            <param index="1">
              <value>
                <![CDATA[https://www.shriramfinance.in/article-what-makes-a-fixed-deposit-different-from-recurring-deposit]]>
              </value>
            </param>
          </params>
          <reporter-output>
          </reporter-output>
        </test-method> <!-- execute -->
        <test-method signature="execute(java.lang.String, java.lang.String)[pri:0, instance:org.run.article@2dcd168a]" started-at="2023-03-27T07:28:58Z" name="execute" data-provider="getTestData" finished-at="2023-03-27T07:29:02Z" duration-ms="3214" status="PASS">
          <params>
            <param index="0">
              <value>
                <![CDATA[46]]>
              </value>
            </param>
            <param index="1">
              <value>
                <![CDATA[https://www.shriramfinance.in/article-is-it-possible-for-single-customer-in-shriram-to-invest-in-both-fds-and-rds-from-the-same-account]]>
              </value>
            </param>
          </params>
          <reporter-output>
          </reporter-output>
        </test-method> <!-- execute -->
        <test-method signature="execute(java.lang.String, java.lang.String)[pri:0, instance:org.run.article@2dcd168a]" started-at="2023-03-27T07:29:02Z" name="execute" data-provider="getTestData" finished-at="2023-03-27T07:29:05Z" duration-ms="3720" status="PASS">
          <params>
            <param index="0">
              <value>
                <![CDATA[47]]>
              </value>
            </param>
            <param index="1">
              <value>
                <![CDATA[https://www.shriramfinance.in/article-how-to-strategise-guaranteed-income-plan-for-financial-safety-net-to-secure-future]]>
              </value>
            </param>
          </params>
          <reporter-output>
          </reporter-output>
        </test-method> <!-- execute -->
        <test-method signature="execute(java.lang.String, java.lang.String)[pri:0, instance:org.run.article@2dcd168a]" started-at="2023-03-27T07:29:05Z" name="execute" data-provider="getTestData" finished-at="2023-03-27T07:29:09Z" duration-ms="3420" status="PASS">
          <params>
            <param index="0">
              <value>
                <![CDATA[48]]>
              </value>
            </param>
            <param index="1">
              <value>
                <![CDATA[https://www.shriramfinance.in/article-how-to-refinance-loan-and-get-better-rates-for-gold-loan]]>
              </value>
            </param>
          </params>
          <reporter-output>
          </reporter-output>
        </test-method> <!-- execute -->
        <test-method signature="execute(java.lang.String, java.lang.String)[pri:0, instance:org.run.article@2dcd168a]" started-at="2023-03-27T07:29:09Z" name="execute" data-provider="getTestData" finished-at="2023-03-27T07:29:12Z" duration-ms="3373" status="PASS">
          <params>
            <param index="0">
              <value>
                <![CDATA[49]]>
              </value>
            </param>
            <param index="1">
              <value>
                <![CDATA[https://www.shriramfinance.in/article-how-is-new-technology-helping-nbfcs-evolve]]>
              </value>
            </param>
          </params>
          <reporter-output>
          </reporter-output>
        </test-method> <!-- execute -->
        <test-method signature="execute(java.lang.String, java.lang.String)[pri:0, instance:org.run.article@2dcd168a]" started-at="2023-03-27T07:29:12Z" name="execute" data-provider="getTestData" finished-at="2023-03-27T07:29:15Z" duration-ms="3182" status="PASS">
          <params>
            <param index="0">
              <value>
                <![CDATA[50]]>
              </value>
            </param>
            <param index="1">
              <value>
                <![CDATA[https://www.shriramfinance.in/article-integration-of-the-use-of-ai-in-finance]]>
              </value>
            </param>
          </params>
          <reporter-output>
          </reporter-output>
        </test-method> <!-- execute -->
        <test-method signature="execute(java.lang.String, java.lang.String)[pri:0, instance:org.run.article@2dcd168a]" started-at="2023-03-27T07:29:15Z" name="execute" data-provider="getTestData" finished-at="2023-03-27T07:29:19Z" duration-ms="3351" status="PASS">
          <params>
            <param index="0">
              <value>
                <![CDATA[51]]>
              </value>
            </param>
            <param index="1">
              <value>
                <![CDATA[https://www.shriramfinance.in/article-what-is-the-right-fixed-deposit-for-you]]>
              </value>
            </param>
          </params>
          <reporter-output>
          </reporter-output>
        </test-method> <!-- execute -->
        <test-method signature="execute(java.lang.String, java.lang.String)[pri:0, instance:org.run.article@2dcd168a]" started-at="2023-03-27T07:29:19Z" name="execute" data-provider="getTestData" finished-at="2023-03-27T07:29:22Z" duration-ms="3310" status="PASS">
          <params>
            <param index="0">
              <value>
                <![CDATA[52]]>
              </value>
            </param>
            <param index="1">
              <value>
                <![CDATA[https://www.shriramfinance.in/article-a-blog-about-fixed-deposit-interest-rate]]>
              </value>
            </param>
          </params>
          <reporter-output>
          </reporter-output>
        </test-method> <!-- execute -->
        <test-method signature="execute(java.lang.String, java.lang.String)[pri:0, instance:org.run.article@2dcd168a]" started-at="2023-03-27T07:29:22Z" name="execute" data-provider="getTestData" finished-at="2023-03-27T07:29:25Z" duration-ms="3494" status="PASS">
          <params>
            <param index="0">
              <value>
                <![CDATA[53]]>
              </value>
            </param>
            <param index="1">
              <value>
                <![CDATA[https://www.shriramfinance.in/article-a-step-towards-securing-your-future-with-shriram-finance]]>
              </value>
            </param>
          </params>
          <reporter-output>
          </reporter-output>
        </test-method> <!-- execute -->
        <test-method signature="execute(java.lang.String, java.lang.String)[pri:0, instance:org.run.article@2dcd168a]" started-at="2023-03-27T07:29:25Z" name="execute" data-provider="getTestData" finished-at="2023-03-27T07:29:29Z" duration-ms="3477" status="PASS">
          <params>
            <param index="0">
              <value>
                <![CDATA[54]]>
              </value>
            </param>
            <param index="1">
              <value>
                <![CDATA[https://www.shriramfinance.in/article-how-to-choose-the-right-business-loan-how-to-analyze-compare-different-business-loan-products]]>
              </value>
            </param>
          </params>
          <reporter-output>
          </reporter-output>
        </test-method> <!-- execute -->
        <test-method signature="execute(java.lang.String, java.lang.String)[pri:0, instance:org.run.article@2dcd168a]" started-at="2023-03-27T07:29:29Z" name="execute" data-provider="getTestData" finished-at="2023-03-27T07:29:33Z" duration-ms="3595" status="PASS">
          <params>
            <param index="0">
              <value>
                <![CDATA[55]]>
              </value>
            </param>
            <param index="1">
              <value>
                <![CDATA[https://www.shriramfinance.in/article-how-to-fulfill-your-dreams-of-success-with-business-loan]]>
              </value>
            </param>
          </params>
          <reporter-output>
          </reporter-output>
        </test-method> <!-- execute -->
        <test-method signature="execute(java.lang.String, java.lang.String)[pri:0, instance:org.run.article@2dcd168a]" started-at="2023-03-27T07:29:33Z" name="execute" data-provider="getTestData" finished-at="2023-03-27T07:29:36Z" duration-ms="3408" status="PASS">
          <params>
            <param index="0">
              <value>
                <![CDATA[56]]>
              </value>
            </param>
            <param index="1">
              <value>
                <![CDATA[https://www.shriramfinance.in/article-fixed-deposit-vs-unit-linked-insurance-plan-where-to-invest]]>
              </value>
            </param>
          </params>
          <reporter-output>
          </reporter-output>
        </test-method> <!-- execute -->
        <test-method signature="execute(java.lang.String, java.lang.String)[pri:0, instance:org.run.article@2dcd168a]" started-at="2023-03-27T07:29:36Z" name="execute" data-provider="getTestData" finished-at="2023-03-27T07:29:40Z" duration-ms="3901" status="PASS">
          <params>
            <param index="0">
              <value>
                <![CDATA[57]]>
              </value>
            </param>
            <param index="1">
              <value>
                <![CDATA[https://www.shriramfinance.in/article-are-the-interest-rates-the-same-whether-you-choose-the-cumulative-or-non-cumulative-option]]>
              </value>
            </param>
          </params>
          <reporter-output>
          </reporter-output>
        </test-method> <!-- execute -->
        <test-method signature="execute(java.lang.String, java.lang.String)[pri:0, instance:org.run.article@2dcd168a]" started-at="2023-03-27T07:29:40Z" name="execute" data-provider="getTestData" finished-at="2023-03-27T07:29:43Z" duration-ms="3321" status="PASS">
          <params>
            <param index="0">
              <value>
                <![CDATA[58]]>
              </value>
            </param>
            <param index="1">
              <value>
                <![CDATA[https://www.shriramfinance.in/article-what-are-the-most-attractive-features-of-the-shriram-finance-recurring-deposit]]>
              </value>
            </param>
          </params>
          <reporter-output>
          </reporter-output>
        </test-method> <!-- execute -->
        <test-method signature="execute(java.lang.String, java.lang.String)[pri:0, instance:org.run.article@2dcd168a]" started-at="2023-03-27T07:29:43Z" name="execute" data-provider="getTestData" finished-at="2023-03-27T07:29:46Z" duration-ms="3272" status="PASS">
          <params>
            <param index="0">
              <value>
                <![CDATA[59]]>
              </value>
            </param>
            <param index="1">
              <value>
                <![CDATA[https://www.shriramfinance.in/article-what-role-does-collateral-play-in-sme-loans]]>
              </value>
            </param>
          </params>
          <reporter-output>
          </reporter-output>
        </test-method> <!-- execute -->
        <test-method signature="execute(java.lang.String, java.lang.String)[pri:0, instance:org.run.article@2dcd168a]" started-at="2023-03-27T07:29:46Z" name="execute" data-provider="getTestData" finished-at="2023-03-27T07:29:50Z" duration-ms="3225" status="PASS">
          <params>
            <param index="0">
              <value>
                <![CDATA[60]]>
              </value>
            </param>
            <param index="1">
              <value>
                <![CDATA[https://www.shriramfinance.in/article-what-is-a-business-loan-and-why-you-should-avail-it]]>
              </value>
            </param>
          </params>
          <reporter-output>
          </reporter-output>
        </test-method> <!-- execute -->
        <test-method signature="execute(java.lang.String, java.lang.String)[pri:0, instance:org.run.article@2dcd168a]" started-at="2023-03-27T07:29:50Z" name="execute" data-provider="getTestData" finished-at="2023-03-27T07:29:53Z" duration-ms="3632" status="PASS">
          <params>
            <param index="0">
              <value>
                <![CDATA[61]]>
              </value>
            </param>
            <param index="1">
              <value>
                <![CDATA[https://www.shriramfinance.in/article-how-can-fixed-deposits-help-you-save-and-enjoy-at-the-same-time]]>
              </value>
            </param>
          </params>
          <reporter-output>
          </reporter-output>
        </test-method> <!-- execute -->
        <test-method signature="execute(java.lang.String, java.lang.String)[pri:0, instance:org.run.article@2dcd168a]" started-at="2023-03-27T07:29:53Z" name="execute" data-provider="getTestData" finished-at="2023-03-27T07:29:57Z" duration-ms="3451" status="PASS">
          <params>
            <param index="0">
              <value>
                <![CDATA[62]]>
              </value>
            </param>
            <param index="1">
              <value>
                <![CDATA[https://www.shriramfinance.in/article-how-gold-loan-and-cibil-score-are-related-to-each-other]]>
              </value>
            </param>
          </params>
          <reporter-output>
          </reporter-output>
        </test-method> <!-- execute -->
        <test-method signature="execute(java.lang.String, java.lang.String)[pri:0, instance:org.run.article@2dcd168a]" started-at="2023-03-27T07:29:57Z" name="execute" data-provider="getTestData" finished-at="2023-03-27T07:30:00Z" duration-ms="3619" status="PASS">
          <params>
            <param index="0">
              <value>
                <![CDATA[63]]>
              </value>
            </param>
            <param index="1">
              <value>
                <![CDATA[https://www.shriramfinance.in/article-how-you-can-pick-the-best-business-loan]]>
              </value>
            </param>
          </params>
          <reporter-output>
          </reporter-output>
        </test-method> <!-- execute -->
        <test-method signature="execute(java.lang.String, java.lang.String)[pri:0, instance:org.run.article@2dcd168a]" started-at="2023-03-27T07:30:00Z" name="execute" data-provider="getTestData" finished-at="2023-03-27T07:30:04Z" duration-ms="3305" status="PASS">
          <params>
            <param index="0">
              <value>
                <![CDATA[64]]>
              </value>
            </param>
            <param index="1">
              <value>
                <![CDATA[https://www.shriramfinance.in/article-all-you-need-to-know-about-nbfc-fixed-deposits]]>
              </value>
            </param>
          </params>
          <reporter-output>
          </reporter-output>
        </test-method> <!-- execute -->
        <test-method signature="execute(java.lang.String, java.lang.String)[pri:0, instance:org.run.article@2dcd168a]" started-at="2023-03-27T07:30:04Z" name="execute" data-provider="getTestData" finished-at="2023-03-27T07:30:07Z" duration-ms="3262" status="PASS">
          <params>
            <param index="0">
              <value>
                <![CDATA[65]]>
              </value>
            </param>
            <param index="1">
              <value>
                <![CDATA[https://www.shriramfinance.in/article-two-wheeler-loan-charges-and-processing-fees]]>
              </value>
            </param>
          </params>
          <reporter-output>
          </reporter-output>
        </test-method> <!-- execute -->
        <test-method signature="execute(java.lang.String, java.lang.String)[pri:0, instance:org.run.article@2dcd168a]" started-at="2023-03-27T07:30:07Z" name="execute" data-provider="getTestData" finished-at="2023-03-27T07:30:10Z" duration-ms="3478" status="PASS">
          <params>
            <param index="0">
              <value>
                <![CDATA[66]]>
              </value>
            </param>
            <param index="1">
              <value>
                <![CDATA[https://www.shriramfinance.in/article-calculation-of-bike-loan-overdue-amount-when-someone-misses-an-emi]]>
              </value>
            </param>
          </params>
          <reporter-output>
          </reporter-output>
        </test-method> <!-- execute -->
        <test-method signature="execute(java.lang.String, java.lang.String)[pri:0, instance:org.run.article@2dcd168a]" started-at="2023-03-27T07:30:10Z" name="execute" data-provider="getTestData" finished-at="2023-03-27T07:30:13Z" duration-ms="3044" status="PASS">
          <params>
            <param index="0">
              <value>
                <![CDATA[67]]>
              </value>
            </param>
            <param index="1">
              <value>
                <![CDATA[https://www.shriramfinance.in/article-interest-charges-on-gold-loan]]>
              </value>
            </param>
          </params>
          <reporter-output>
          </reporter-output>
        </test-method> <!-- execute -->
        <test-method signature="execute(java.lang.String, java.lang.String)[pri:0, instance:org.run.article@2dcd168a]" started-at="2023-03-27T07:30:13Z" name="execute" data-provider="getTestData" finished-at="2023-03-27T07:30:17Z" duration-ms="3321" status="PASS">
          <params>
            <param index="0">
              <value>
                <![CDATA[68]]>
              </value>
            </param>
            <param index="1">
              <value>
                <![CDATA[https://www.shriramfinance.in/article-common-myths-around-business-loans]]>
              </value>
            </param>
          </params>
          <reporter-output>
          </reporter-output>
        </test-method> <!-- execute -->
        <test-method signature="execute(java.lang.String, java.lang.String)[pri:0, instance:org.run.article@2dcd168a]" started-at="2023-03-27T07:30:17Z" name="execute" data-provider="getTestData" finished-at="2023-03-27T07:30:20Z" duration-ms="3033" status="PASS">
          <params>
            <param index="0">
              <value>
                <![CDATA[69]]>
              </value>
            </param>
            <param index="1">
              <value>
                <![CDATA[https://www.shriramfinance.in/article-why-should-i-invest-in-shriram-finance-recurring-deposit]]>
              </value>
            </param>
          </params>
          <reporter-output>
          </reporter-output>
        </test-method> <!-- execute -->
        <test-method signature="execute(java.lang.String, java.lang.String)[pri:0, instance:org.run.article@2dcd168a]" started-at="2023-03-27T07:30:20Z" name="execute" data-provider="getTestData" finished-at="2023-03-27T07:30:23Z" duration-ms="3078" status="PASS">
          <params>
            <param index="0">
              <value>
                <![CDATA[70]]>
              </value>
            </param>
            <param index="1">
              <value>
                <![CDATA[https://www.shriramfinance.in/article-is-it-possible-for-minor-to-open-an-rd-in-shriram-finance]]>
              </value>
            </param>
          </params>
          <reporter-output>
          </reporter-output>
        </test-method> <!-- execute -->
        <test-method signature="execute(java.lang.String, java.lang.String)[pri:0, instance:org.run.article@2dcd168a]" started-at="2023-03-27T07:30:23Z" name="execute" data-provider="getTestData" finished-at="2023-03-27T07:30:26Z" duration-ms="3373" status="PASS">
          <params>
            <param index="0">
              <value>
                <![CDATA[71]]>
              </value>
            </param>
            <param index="1">
              <value>
                <![CDATA[https://www.shriramfinance.in/article-why-is-good-cibil-score-vital-for-achieving-business-goals]]>
              </value>
            </param>
          </params>
          <reporter-output>
          </reporter-output>
        </test-method> <!-- execute -->
        <test-method signature="execute(java.lang.String, java.lang.String)[pri:0, instance:org.run.article@2dcd168a]" started-at="2023-03-27T07:30:26Z" name="execute" data-provider="getTestData" finished-at="2023-03-27T07:30:30Z" duration-ms="3858" status="PASS">
          <params>
            <param index="0">
              <value>
                <![CDATA[72]]>
              </value>
            </param>
            <param index="1">
              <value>
                <![CDATA[https://www.shriramfinance.in/article-can-i-release-part-of-my-gold]]>
              </value>
            </param>
          </params>
          <reporter-output>
          </reporter-output>
        </test-method> <!-- execute -->
        <test-method signature="execute(java.lang.String, java.lang.String)[pri:0, instance:org.run.article@2dcd168a]" started-at="2023-03-27T07:30:30Z" name="execute" data-provider="getTestData" finished-at="2023-03-27T07:30:33Z" duration-ms="3270" status="PASS">
          <params>
            <param index="0">
              <value>
                <![CDATA[73]]>
              </value>
            </param>
            <param index="1">
              <value>
                <![CDATA[https://www.shriramfinance.in/article-can-nri-get-two-wheeler-loan]]>
              </value>
            </param>
          </params>
          <reporter-output>
          </reporter-output>
        </test-method> <!-- execute -->
        <test-method signature="execute(java.lang.String, java.lang.String)[pri:0, instance:org.run.article@2dcd168a]" started-at="2023-03-27T07:30:33Z" name="execute" data-provider="getTestData" finished-at="2023-03-27T07:30:37Z" duration-ms="3279" status="PASS">
          <params>
            <param index="0">
              <value>
                <![CDATA[74]]>
              </value>
            </param>
            <param index="1">
              <value>
                <![CDATA[https://www.shriramfinance.in/article-is-there-any-tds-on-recurring-deposits]]>
              </value>
            </param>
          </params>
          <reporter-output>
          </reporter-output>
        </test-method> <!-- execute -->
        <test-method signature="execute(java.lang.String, java.lang.String)[pri:0, instance:org.run.article@2dcd168a]" started-at="2023-03-27T07:30:37Z" name="execute" data-provider="getTestData" finished-at="2023-03-27T07:30:40Z" duration-ms="3159" status="PASS">
          <params>
            <param index="0">
              <value>
                <![CDATA[75]]>
              </value>
            </param>
            <param index="1">
              <value>
                <![CDATA[https://www.shriramfinance.in/article-is-it-possible-to-set-up-recurring-deposit-online]]>
              </value>
            </param>
          </params>
          <reporter-output>
          </reporter-output>
        </test-method> <!-- execute -->
        <test-method signature="execute(java.lang.String, java.lang.String)[pri:0, instance:org.run.article@2dcd168a]" started-at="2023-03-27T07:30:40Z" name="execute" data-provider="getTestData" finished-at="2023-03-27T07:30:43Z" duration-ms="3412" status="PASS">
          <params>
            <param index="0">
              <value>
                <![CDATA[76]]>
              </value>
            </param>
            <param index="1">
              <value>
                <![CDATA[https://www.shriramfinance.in/article-why-is-a-fixed-deposit-the-desired-form-of-investment-for-traditional-indians]]>
              </value>
            </param>
          </params>
          <reporter-output>
          </reporter-output>
        </test-method> <!-- execute -->
        <test-method signature="execute(java.lang.String, java.lang.String)[pri:0, instance:org.run.article@2dcd168a]" started-at="2023-03-27T07:30:43Z" name="execute" data-provider="getTestData" finished-at="2023-03-27T07:30:46Z" duration-ms="3212" status="PASS">
          <params>
            <param index="0">
              <value>
                <![CDATA[77]]>
              </value>
            </param>
            <param index="1">
              <value>
                <![CDATA[https://www.shriramfinance.in/article-how-can-business-acquire-an-instant-loan]]>
              </value>
            </param>
          </params>
          <reporter-output>
          </reporter-output>
        </test-method> <!-- execute -->
        <test-method signature="execute(java.lang.String, java.lang.String)[pri:0, instance:org.run.article@2dcd168a]" started-at="2023-03-27T07:30:46Z" name="execute" data-provider="getTestData" finished-at="2023-03-27T07:30:50Z" duration-ms="3154" status="PASS">
          <params>
            <param index="0">
              <value>
                <![CDATA[78]]>
              </value>
            </param>
            <param index="1">
              <value>
                <![CDATA[https://www.shriramfinance.in/article-what-is-the-importance-of-a-fixed-deposit-on-your-financial-portfolio]]>
              </value>
            </param>
          </params>
          <reporter-output>
          </reporter-output>
        </test-method> <!-- execute -->
        <test-method signature="execute(java.lang.String, java.lang.String)[pri:0, instance:org.run.article@2dcd168a]" started-at="2023-03-27T07:30:50Z" name="execute" data-provider="getTestData" finished-at="2023-03-27T07:30:53Z" duration-ms="3227" status="PASS">
          <params>
            <param index="0">
              <value>
                <![CDATA[79]]>
              </value>
            </param>
            <param index="1">
              <value>
                <![CDATA[https://www.shriramfinance.in/article-extensive-guide-for-choosing-a-fixed-deposit-with-the-best-interest-rates]]>
              </value>
            </param>
          </params>
          <reporter-output>
          </reporter-output>
        </test-method> <!-- execute -->
        <test-method signature="execute(java.lang.String, java.lang.String)[pri:0, instance:org.run.article@2dcd168a]" started-at="2023-03-27T07:30:53Z" name="execute" data-provider="getTestData" finished-at="2023-03-27T07:30:56Z" duration-ms="3600" status="PASS">
          <params>
            <param index="0">
              <value>
                <![CDATA[80]]>
              </value>
            </param>
            <param index="1">
              <value>
                <![CDATA[https://www.shriramfinance.in/article-how-to-select-the-most-effective-fixed-deposit-scheme]]>
              </value>
            </param>
          </params>
          <reporter-output>
          </reporter-output>
        </test-method> <!-- execute -->
        <test-method signature="execute(java.lang.String, java.lang.String)[pri:0, instance:org.run.article@2dcd168a]" started-at="2023-03-27T07:30:56Z" name="execute" data-provider="getTestData" finished-at="2023-03-27T07:31:00Z" duration-ms="3174" status="PASS">
          <params>
            <param index="0">
              <value>
                <![CDATA[81]]>
              </value>
            </param>
            <param index="1">
              <value>
                <![CDATA[https://www.shriramfinance.in/article-easy-ways-to-repay-the-loan-against-jewellery]]>
              </value>
            </param>
          </params>
          <reporter-output>
          </reporter-output>
        </test-method> <!-- execute -->
        <test-method signature="execute(java.lang.String, java.lang.String)[pri:0, instance:org.run.article@2dcd168a]" started-at="2023-03-27T07:31:00Z" name="execute" data-provider="getTestData" finished-at="2023-03-27T07:31:03Z" duration-ms="3386" status="PASS">
          <params>
            <param index="0">
              <value>
                <![CDATA[82]]>
              </value>
            </param>
            <param index="1">
              <value>
                <![CDATA[https://www.shriramfinance.in/article-is-a-guarantor-or-introducer-necessary-for-availing-a-gold-loan]]>
              </value>
            </param>
          </params>
          <reporter-output>
          </reporter-output>
        </test-method> <!-- execute -->
        <test-method signature="execute(java.lang.String, java.lang.String)[pri:0, instance:org.run.article@2dcd168a]" started-at="2023-03-27T07:31:03Z" name="execute" data-provider="getTestData" finished-at="2023-03-27T07:31:06Z" duration-ms="3097" status="PASS">
          <params>
            <param index="0">
              <value>
                <![CDATA[83]]>
              </value>
            </param>
            <param index="1">
              <value>
                <![CDATA[https://www.shriramfinance.in/article-what-is-the-quality-of-gold-that-is-accepted-for-gold-loan-collateral]]>
              </value>
            </param>
          </params>
          <reporter-output>
          </reporter-output>
        </test-method> <!-- execute -->
        <test-method signature="execute(java.lang.String, java.lang.String)[pri:0, instance:org.run.article@2dcd168a]" started-at="2023-03-27T07:31:06Z" name="execute" data-provider="getTestData" finished-at="2023-03-27T07:31:10Z" duration-ms="3427" status="PASS">
          <params>
            <param index="0">
              <value>
                <![CDATA[84]]>
              </value>
            </param>
            <param index="1">
              <value>
                <![CDATA[https://www.shriramfinance.in/article-what-collateral-do-you-need-to-provide-for-gold-loan]]>
              </value>
            </param>
          </params>
          <reporter-output>
          </reporter-output>
        </test-method> <!-- execute -->
        <test-method signature="execute(java.lang.String, java.lang.String)[pri:0, instance:org.run.article@2dcd168a]" started-at="2023-03-27T07:31:10Z" name="execute" data-provider="getTestData" finished-at="2023-03-27T07:31:13Z" duration-ms="3265" status="PASS">
          <params>
            <param index="0">
              <value>
                <![CDATA[85]]>
              </value>
            </param>
            <param index="1">
              <value>
                <![CDATA[https://www.shriramfinance.in/article-how-to-save-the-interest-amount-on-business-loan]]>
              </value>
            </param>
          </params>
          <reporter-output>
          </reporter-output>
        </test-method> <!-- execute -->
        <test-method signature="execute(java.lang.String, java.lang.String)[pri:0, instance:org.run.article@2dcd168a]" started-at="2023-03-27T07:31:13Z" name="execute" data-provider="getTestData" finished-at="2023-03-27T07:31:16Z" duration-ms="3651" status="PASS">
          <params>
            <param index="0">
              <value>
                <![CDATA[86]]>
              </value>
            </param>
            <param index="1">
              <value>
                <![CDATA[https://www.shriramfinance.in/article-are-there-any-extra-charges-for-business-loan-besides-gst-and-interest]]>
              </value>
            </param>
          </params>
          <reporter-output>
          </reporter-output>
        </test-method> <!-- execute -->
        <test-method signature="execute(java.lang.String, java.lang.String)[pri:0, instance:org.run.article@2dcd168a]" started-at="2023-03-27T07:31:16Z" name="execute" data-provider="getTestData" finished-at="2023-03-27T07:31:20Z" duration-ms="3869" status="PASS">
          <params>
            <param index="0">
              <value>
                <![CDATA[87]]>
              </value>
            </param>
            <param index="1">
              <value>
                <![CDATA[https://www.shriramfinance.in/article-two-wheeler-loan-for-commercial-bikes]]>
              </value>
            </param>
          </params>
          <reporter-output>
          </reporter-output>
        </test-method> <!-- execute -->
        <test-method signature="execute(java.lang.String, java.lang.String)[pri:0, instance:org.run.article@2dcd168a]" started-at="2023-03-27T07:31:20Z" name="execute" data-provider="getTestData" finished-at="2023-03-27T07:31:24Z" duration-ms="3316" status="PASS">
          <params>
            <param index="0">
              <value>
                <![CDATA[88]]>
              </value>
            </param>
            <param index="1">
              <value>
                <![CDATA[https://www.shriramfinance.in/article-features-and-benefits-of-two-wheeler-loan]]>
              </value>
            </param>
          </params>
          <reporter-output>
          </reporter-output>
        </test-method> <!-- execute -->
        <test-method signature="execute(java.lang.String, java.lang.String)[pri:0, instance:org.run.article@2dcd168a]" started-at="2023-03-27T07:31:24Z" name="execute" data-provider="getTestData" finished-at="2023-03-27T07:31:27Z" duration-ms="3196" status="PASS">
          <params>
            <param index="0">
              <value>
                <![CDATA[89]]>
              </value>
            </param>
            <param index="1">
              <value>
                <![CDATA[https://www.shriramfinance.in/article-five-best-ways-to-save-money-the-top-ways-to-save-money-in-india]]>
              </value>
            </param>
          </params>
          <reporter-output>
          </reporter-output>
        </test-method> <!-- execute -->
        <test-method signature="execute(java.lang.String, java.lang.String)[pri:0, instance:org.run.article@2dcd168a]" started-at="2023-03-27T07:31:27Z" name="execute" data-provider="getTestData" finished-at="2023-03-27T07:31:30Z" duration-ms="3453" status="PASS">
          <params>
            <param index="0">
              <value>
                <![CDATA[90]]>
              </value>
            </param>
            <param index="1">
              <value>
                <![CDATA[https://www.shriramfinance.in/article-factors-affecting-interest-rates-on-two-wheeler-loans]]>
              </value>
            </param>
          </params>
          <reporter-output>
          </reporter-output>
        </test-method> <!-- execute -->
        <test-method signature="execute(java.lang.String, java.lang.String)[pri:0, instance:org.run.article@2dcd168a]" started-at="2023-03-27T07:31:30Z" name="execute" data-provider="getTestData" finished-at="2023-03-27T07:31:33Z" duration-ms="3223" status="PASS">
          <params>
            <param index="0">
              <value>
                <![CDATA[91]]>
              </value>
            </param>
            <param index="1">
              <value>
                <![CDATA[https://www.shriramfinance.in/article-why-shriram-finance-fixed-deposits-should-be-your-preferred-investment-option]]>
              </value>
            </param>
          </params>
          <reporter-output>
          </reporter-output>
        </test-method> <!-- execute -->
        <test-method signature="execute(java.lang.String, java.lang.String)[pri:0, instance:org.run.article@2dcd168a]" started-at="2023-03-27T07:31:33Z" name="execute" data-provider="getTestData" finished-at="2023-03-27T07:31:39Z" duration-ms="5236" status="PASS">
          <params>
            <param index="0">
              <value>
                <![CDATA[92]]>
              </value>
            </param>
            <param index="1">
              <value>
                <![CDATA[https://www.shriramfinance.in/article-who-should-consider-investing-in-recurring-deposit]]>
              </value>
            </param>
          </params>
          <reporter-output>
          </reporter-output>
        </test-method> <!-- execute -->
        <test-method signature="execute(java.lang.String, java.lang.String)[pri:0, instance:org.run.article@2dcd168a]" started-at="2023-03-27T07:31:39Z" name="execute" data-provider="getTestData" finished-at="2023-03-27T07:31:42Z" duration-ms="3174" status="PASS">
          <params>
            <param index="0">
              <value>
                <![CDATA[93]]>
              </value>
            </param>
            <param index="1">
              <value>
                <![CDATA[https://www.shriramfinance.in/article-how-does-an-sme-loan-help-in-business-growth]]>
              </value>
            </param>
          </params>
          <reporter-output>
          </reporter-output>
        </test-method> <!-- execute -->
        <test-method signature="execute(java.lang.String, java.lang.String)[pri:0, instance:org.run.article@2dcd168a]" started-at="2023-03-27T07:31:42Z" name="execute" data-provider="getTestData" finished-at="2023-03-27T07:31:45Z" duration-ms="3346" status="PASS">
          <params>
            <param index="0">
              <value>
                <![CDATA[94]]>
              </value>
            </param>
            <param index="1">
              <value>
                <![CDATA[https://www.shriramfinance.in/article-how-flexi-recurring-deposit-offers-complete-flexibility]]>
              </value>
            </param>
          </params>
          <reporter-output>
          </reporter-output>
        </test-method> <!-- execute -->
        <test-method signature="execute(java.lang.String, java.lang.String)[pri:0, instance:org.run.article@2dcd168a]" started-at="2023-03-27T07:31:45Z" name="execute" data-provider="getTestData" finished-at="2023-03-27T07:31:49Z" duration-ms="3503" status="PASS">
          <params>
            <param index="0">
              <value>
                <![CDATA[95]]>
              </value>
            </param>
            <param index="1">
              <value>
                <![CDATA[https://www.shriramfinance.in/article-the-only-guide-you-need-to-getting-a-loan-against-gold-jewellery]]>
              </value>
            </param>
          </params>
          <reporter-output>
          </reporter-output>
        </test-method> <!-- execute -->
        <test-method signature="execute(java.lang.String, java.lang.String)[pri:0, instance:org.run.article@2dcd168a]" started-at="2023-03-27T07:31:49Z" name="execute" data-provider="getTestData" finished-at="2023-03-27T07:31:52Z" duration-ms="3693" status="PASS">
          <params>
            <param index="0">
              <value>
                <![CDATA[96]]>
              </value>
            </param>
            <param index="1">
              <value>
                <![CDATA[https://www.shriramfinance.in/article-choosing-the-right-two-wheeler-loan-based-on-interest-rate]]>
              </value>
            </param>
          </params>
          <reporter-output>
          </reporter-output>
        </test-method> <!-- execute -->
        <test-method signature="execute(java.lang.String, java.lang.String)[pri:0, instance:org.run.article@2dcd168a]" started-at="2023-03-27T07:31:52Z" name="execute" data-provider="getTestData" finished-at="2023-03-27T07:31:56Z" duration-ms="3676" status="PASS">
          <params>
            <param index="0">
              <value>
                <![CDATA[97]]>
              </value>
            </param>
            <param index="1">
              <value>
                <![CDATA[https://www.shriramfinance.in/article-tips-to-pay-two-wheeler-loan]]>
              </value>
            </param>
          </params>
          <reporter-output>
          </reporter-output>
        </test-method> <!-- execute -->
        <test-method signature="execute(java.lang.String, java.lang.String)[pri:0, instance:org.run.article@2dcd168a]" started-at="2023-03-27T07:31:56Z" name="execute" data-provider="getTestData" finished-at="2023-03-27T07:32:00Z" duration-ms="3824" status="PASS">
          <params>
            <param index="0">
              <value>
                <![CDATA[98]]>
              </value>
            </param>
            <param index="1">
              <value>
                <![CDATA[https://www.shriramfinance.in/article-why-its-easier-to-succeed-with-business-loan-than-you-might-think]]>
              </value>
            </param>
          </params>
          <reporter-output>
          </reporter-output>
        </test-method> <!-- execute -->
        <test-method signature="execute(java.lang.String, java.lang.String)[pri:0, instance:org.run.article@2dcd168a]" started-at="2023-03-27T07:32:00Z" name="execute" data-provider="getTestData" finished-at="2023-03-27T07:32:03Z" duration-ms="3297" status="PASS">
          <params>
            <param index="0">
              <value>
                <![CDATA[99]]>
              </value>
            </param>
            <param index="1">
              <value>
                <![CDATA[https://www.shriramfinance.in/article-how-does-fixed-deposits-promote-senior-citizen-welfare]]>
              </value>
            </param>
          </params>
          <reporter-output>
          </reporter-output>
        </test-method> <!-- execute -->
        <test-method signature="execute(java.lang.String, java.lang.String)[pri:0, instance:org.run.article@2dcd168a]" started-at="2023-03-27T07:32:03Z" name="execute" data-provider="getTestData" finished-at="2023-03-27T07:32:07Z" duration-ms="3425" status="PASS">
          <params>
            <param index="0">
              <value>
                <![CDATA[100]]>
              </value>
            </param>
            <param index="1">
              <value>
                <![CDATA[https://www.shriramfinance.in/article-simple-bike-financing-with-zero-down-payment]]>
              </value>
            </param>
          </params>
          <reporter-output>
          </reporter-output>
        </test-method> <!-- execute -->
        <test-method signature="execute(java.lang.String, java.lang.String)[pri:0, instance:org.run.article@2dcd168a]" started-at="2023-03-27T07:32:07Z" name="execute" data-provider="getTestData" finished-at="2023-03-27T07:32:10Z" duration-ms="3452" status="PASS">
          <params>
            <param index="0">
              <value>
                <![CDATA[101]]>
              </value>
            </param>
            <param index="1">
              <value>
                <![CDATA[https://www.shriramfinance.in/article-comparing-two-wheeler-loan-rates]]>
              </value>
            </param>
          </params>
          <reporter-output>
          </reporter-output>
        </test-method> <!-- execute -->
        <test-method signature="execute(java.lang.String, java.lang.String)[pri:0, instance:org.run.article@2dcd168a]" started-at="2023-03-27T07:32:10Z" name="execute" data-provider="getTestData" finished-at="2023-03-27T07:32:14Z" duration-ms="3670" status="PASS">
          <params>
            <param index="0">
              <value>
                <![CDATA[102]]>
              </value>
            </param>
            <param index="1">
              <value>
                <![CDATA[https://www.shriramfinance.in/article-what-is-the-difference-between-fixed-deposit-and-recurring-deposit]]>
              </value>
            </param>
          </params>
          <reporter-output>
          </reporter-output>
        </test-method> <!-- execute -->
        <test-method signature="execute(java.lang.String, java.lang.String)[pri:0, instance:org.run.article@2dcd168a]" started-at="2023-03-27T07:32:14Z" name="execute" data-provider="getTestData" finished-at="2023-03-27T07:32:17Z" duration-ms="3399" status="PASS">
          <params>
            <param index="0">
              <value>
                <![CDATA[103]]>
              </value>
            </param>
            <param index="1">
              <value>
                <![CDATA[https://www.shriramfinance.in/article-how-to-explain-fixed-deposits-to-millennials]]>
              </value>
            </param>
          </params>
          <reporter-output>
          </reporter-output>
        </test-method> <!-- execute -->
        <test-method signature="execute(java.lang.String, java.lang.String)[pri:0, instance:org.run.article@2dcd168a]" started-at="2023-03-27T07:32:17Z" name="execute" data-provider="getTestData" finished-at="2023-03-27T07:32:21Z" duration-ms="3373" status="PASS">
          <params>
            <param index="0">
              <value>
                <![CDATA[104]]>
              </value>
            </param>
            <param index="1">
              <value>
                <![CDATA[https://www.shriramfinance.in/article-most-relevant-senior-citizen-fd-rates-and-schemes]]>
              </value>
            </param>
          </params>
          <reporter-output>
          </reporter-output>
        </test-method> <!-- execute -->
        <test-method signature="execute(java.lang.String, java.lang.String)[pri:0, instance:org.run.article@2dcd168a]" started-at="2023-03-27T07:32:21Z" name="execute" data-provider="getTestData" finished-at="2023-03-27T07:32:24Z" duration-ms="3870" status="PASS">
          <params>
            <param index="0">
              <value>
                <![CDATA[105]]>
              </value>
            </param>
            <param index="1">
              <value>
                <![CDATA[https://www.shriramfinance.in/article-tips-for-students-and-professionals-on-recurring-deposits]]>
              </value>
            </param>
          </params>
          <reporter-output>
          </reporter-output>
        </test-method> <!-- execute -->
        <test-method signature="execute(java.lang.String, java.lang.String)[pri:0, instance:org.run.article@2dcd168a]" started-at="2023-03-27T07:32:24Z" name="execute" data-provider="getTestData" finished-at="2023-03-27T07:32:28Z" duration-ms="3577" status="PASS">
          <params>
            <param index="0">
              <value>
                <![CDATA[106]]>
              </value>
            </param>
            <param index="1">
              <value>
                <![CDATA[https://www.shriramfinance.in/article-type-of-fixed-deposits-you-should-buy-before-you-retire]]>
              </value>
            </param>
          </params>
          <reporter-output>
          </reporter-output>
        </test-method> <!-- execute -->
        <test-method signature="execute(java.lang.String, java.lang.String)[pri:0, instance:org.run.article@2dcd168a]" started-at="2023-03-27T07:32:28Z" name="execute" data-provider="getTestData" finished-at="2023-03-27T07:32:32Z" duration-ms="3731" status="PASS">
          <params>
            <param index="0">
              <value>
                <![CDATA[107]]>
              </value>
            </param>
            <param index="1">
              <value>
[...]
              </value>
            </param>
          </params>
          <reporter-output>
          </reporter-output>
        </test-method> <!-- execute -->
        <test-method signature="execute(java.lang.String, java.lang.String)[pri:0, instance:org.run.article@2dcd168a]" started-at="2023-03-27T07:42:08Z" name="execute" data-provider="getTestData" finished-at="2023-03-27T07:42:12Z" duration-ms="3087" status="PASS">
          <params>
            <param index="0">
              <value>
                <![CDATA[281]]>
              </value>
            </param>
            <param index="1">
              <value>
                <![CDATA[https://www.shriramfinance.in/article-everything-you-need-to-know-about-tax-saving-fd]]>
              </value>
            </param>
          </params>
          <reporter-output>
          </reporter-output>
        </test-method> <!-- execute -->
        <test-method signature="execute(java.lang.String, java.lang.String)[pri:0, instance:org.run.article@2dcd168a]" started-at="2023-03-27T07:42:12Z" name="execute" data-provider="getTestData" finished-at="2023-03-27T07:42:15Z" duration-ms="3122" status="PASS">
          <params>
            <param index="0">
              <value>
                <![CDATA[282]]>
              </value>
            </param>
            <param index="1">
              <value>
                <![CDATA[https://www.shriramfinance.in/article-how-can-a-fixed-deposit-help-senior-citizens-in-their-financial-life]]>
              </value>
            </param>
          </params>
          <reporter-output>
          </reporter-output>
        </test-method> <!-- execute -->
        <test-method signature="execute(java.lang.String, java.lang.String)[pri:0, instance:org.run.article@2dcd168a]" started-at="2023-03-27T07:42:15Z" name="execute" data-provider="getTestData" finished-at="2023-03-27T07:42:18Z" duration-ms="3059" status="PASS">
          <params>
            <param index="0">
              <value>
                <![CDATA[283]]>
              </value>
            </param>
            <param index="1">
              <value>
                <![CDATA[https://www.shriramfinance.in/article-which-is-the-best-shriram-loan-scheme-to-buy-a-two-wheeler]]>
              </value>
            </param>
          </params>
          <reporter-output>
          </reporter-output>
        </test-method> <!-- execute -->
        <test-method signature="execute(java.lang.String, java.lang.String)[pri:0, instance:org.run.article@2dcd168a]" started-at="2023-03-27T07:42:18Z" name="execute" data-provider="getTestData" finished-at="2023-03-27T07:42:21Z" duration-ms="3015" status="PASS">
          <params>
            <param index="0">
              <value>
                <![CDATA[284]]>
              </value>
            </param>
            <param index="1">
              <value>
                <![CDATA[https://www.shriramfinance.in/article-callable-and-a-non-callable-fixed-deposit]]>
              </value>
            </param>
          </params>
          <reporter-output>
          </reporter-output>
        </test-method> <!-- execute -->
        <test-method signature="execute(java.lang.String, java.lang.String)[pri:0, instance:org.run.article@2dcd168a]" started-at="2023-03-27T07:42:21Z" name="execute" data-provider="getTestData" finished-at="2023-03-27T07:42:24Z" duration-ms="3027" status="PASS">
          <params>
            <param index="0">
              <value>
                <![CDATA[285]]>
              </value>
            </param>
            <param index="1">
              <value>
                <![CDATA[https://www.shriramfinance.in/article-fd-vs-mutual-funds-4-factors-to-consider-before-investing]]>
              </value>
            </param>
          </params>
          <reporter-output>
          </reporter-output>
        </test-method> <!-- execute -->
        <test-method signature="execute(java.lang.String, java.lang.String)[pri:0, instance:org.run.article@2dcd168a]" started-at="2023-03-27T07:42:24Z" name="execute" data-provider="getTestData" finished-at="2023-03-27T07:42:27Z" duration-ms="3255" status="PASS">
          <params>
            <param index="0">
              <value>
                <![CDATA[286]]>
              </value>
            </param>
            <param index="1">
              <value>
                <![CDATA[https://www.shriramfinance.in/article-how-does-a-fixed-deposit-work-is-it-safe-to-invest-in-a-fixed-deposit]]>
              </value>
            </param>
          </params>
          <reporter-output>
          </reporter-output>
        </test-method> <!-- execute -->
        <test-method signature="execute(java.lang.String, java.lang.String)[pri:0, instance:org.run.article@2dcd168a]" started-at="2023-03-27T07:42:27Z" name="execute" data-provider="getTestData" finished-at="2023-03-27T07:42:30Z" duration-ms="3191" status="PASS">
          <params>
            <param index="0">
              <value>
                <![CDATA[287]]>
              </value>
            </param>
            <param index="1">
              <value>
                <![CDATA[https://www.shriramfinance.in/article-how-do-fixed-deposits-help-to-keep-the-indian-economy-stable-during-volatility]]>
              </value>
            </param>
          </params>
          <reporter-output>
          </reporter-output>
        </test-method> <!-- execute -->
        <test-method signature="execute(java.lang.String, java.lang.String)[pri:0, instance:org.run.article@2dcd168a]" started-at="2023-03-27T07:42:30Z" name="execute" data-provider="getTestData" finished-at="2023-03-27T07:42:33Z" duration-ms="3240" status="PASS">
          <params>
            <param index="0">
              <value>
                <![CDATA[288]]>
              </value>
            </param>
            <param index="1">
              <value>
                <![CDATA[https://www.shriramfinance.in/article-fixed-deposit-investing-9-important-things-you-should-know-before-investing-in-fd]]>
              </value>
            </param>
          </params>
          <reporter-output>
          </reporter-output>
        </test-method> <!-- execute -->
        <test-method signature="execute(java.lang.String, java.lang.String)[pri:0, instance:org.run.article@2dcd168a]" started-at="2023-03-27T07:42:33Z" name="execute" data-provider="getTestData" finished-at="2023-03-27T07:42:37Z" duration-ms="3124" status="PASS">
          <params>
            <param index="0">
              <value>
                <![CDATA[289]]>
              </value>
            </param>
            <param index="1">
              <value>
                <![CDATA[https://www.shriramfinance.in/article-top-reasons-to-invest-in-a-fixed-deposit]]>
              </value>
            </param>
          </params>
          <reporter-output>
          </reporter-output>
        </test-method> <!-- execute -->
        <test-method signature="execute(java.lang.String, java.lang.String)[pri:0, instance:org.run.article@2dcd168a]" started-at="2023-03-27T07:42:37Z" name="execute" data-provider="getTestData" finished-at="2023-03-27T07:42:40Z" duration-ms="3006" status="PASS">
          <params>
            <param index="0">
              <value>
                <![CDATA[290]]>
              </value>
            </param>
            <param index="1">
              <value>
                <![CDATA[https://www.shriramfinance.in/article-6-things-to-know-before-investing-in-an-fd-instead-of-rd]]>
              </value>
            </param>
          </params>
          <reporter-output>
          </reporter-output>
        </test-method> <!-- execute -->
        <test-method signature="execute(java.lang.String, java.lang.String)[pri:0, instance:org.run.article@2dcd168a]" started-at="2023-03-27T07:42:40Z" name="execute" data-provider="getTestData" finished-at="2023-03-27T07:42:43Z" duration-ms="3424" status="PASS">
          <params>
            <param index="0">
              <value>
                <![CDATA[291]]>
              </value>
            </param>
            <param index="1">
              <value>
                <![CDATA[https://www.shriramfinance.in/article-fixed-deposit-vs-life-insurance-which-is-the-better-investment]]>
              </value>
            </param>
          </params>
          <reporter-output>
          </reporter-output>
        </test-method> <!-- execute -->
        <test-method signature="execute(java.lang.String, java.lang.String)[pri:0, instance:org.run.article@2dcd168a]" started-at="2023-03-27T07:42:43Z" name="execute" data-provider="getTestData" finished-at="2023-03-27T07:42:46Z" duration-ms="3033" status="PASS">
          <params>
            <param index="0">
              <value>
                <![CDATA[292]]>
              </value>
            </param>
            <param index="1">
              <value>
                <![CDATA[https://www.shriramfinance.in/article-quickest-way-to-get-rich-with-fd-investment]]>
              </value>
            </param>
          </params>
          <reporter-output>
          </reporter-output>
        </test-method> <!-- execute -->
        <test-method signature="execute(java.lang.String, java.lang.String)[pri:0, instance:org.run.article@2dcd168a]" started-at="2023-03-27T07:42:46Z" name="execute" data-provider="getTestData" finished-at="2023-03-27T07:42:49Z" duration-ms="3054" status="PASS">
          <params>
            <param index="0">
              <value>
                <![CDATA[293]]>
              </value>
            </param>
            <param index="1">
              <value>
                <![CDATA[https://www.shriramfinance.in/article-term-deposit-vs-fixed-deposit]]>
              </value>
            </param>
          </params>
          <reporter-output>
          </reporter-output>
        </test-method> <!-- execute -->
        <test-method signature="execute(java.lang.String, java.lang.String)[pri:0, instance:org.run.article@2dcd168a]" started-at="2023-03-27T07:42:49Z" name="execute" data-provider="getTestData" finished-at="2023-03-27T07:42:52Z" duration-ms="3183" status="PASS">
          <params>
            <param index="0">
              <value>
                <![CDATA[294]]>
              </value>
            </param>
            <param index="1">
              <value>
                <![CDATA[https://www.shriramfinance.in/article-the-best-investment-strategy]]>
              </value>
            </param>
          </params>
          <reporter-output>
          </reporter-output>
        </test-method> <!-- execute -->
        <test-method signature="execute(java.lang.String, java.lang.String)[pri:0, instance:org.run.article@2dcd168a]" started-at="2023-03-27T07:42:52Z" name="execute" data-provider="getTestData" finished-at="2023-03-27T07:42:55Z" duration-ms="2872" status="PASS">
          <params>
            <param index="0">
              <value>
                <![CDATA[295]]>
              </value>
            </param>
            <param index="1">
              <value>
                <![CDATA[https://www.shriramfinance.in/article-top-7-investment-options-for-senior-citizens]]>
              </value>
            </param>
          </params>
          <reporter-output>
          </reporter-output>
        </test-method> <!-- execute -->
        <test-method signature="execute(java.lang.String, java.lang.String)[pri:0, instance:org.run.article@2dcd168a]" started-at="2023-03-27T07:42:55Z" name="execute" data-provider="getTestData" finished-at="2023-03-27T07:42:58Z" duration-ms="3097" status="PASS">
          <params>
            <param index="0">
              <value>
                <![CDATA[296]]>
              </value>
            </param>
            <param index="1">
              <value>
                <![CDATA[https://www.shriramfinance.in/article-liquid-funds-vs-fixed-deposits]]>
              </value>
            </param>
          </params>
          <reporter-output>
          </reporter-output>
        </test-method> <!-- execute -->
        <test-method signature="execute(java.lang.String, java.lang.String)[pri:0, instance:org.run.article@2dcd168a]" started-at="2023-03-27T07:42:58Z" name="execute" data-provider="getTestData" finished-at="2023-03-27T07:43:01Z" duration-ms="3189" status="PASS">
          <params>
            <param index="0">
              <value>
                <![CDATA[297]]>
              </value>
            </param>
            <param index="1">
              <value>
                <![CDATA[https://www.shriramfinance.in/article-3-risk-free-tax-saving-investment-plans-for-senior-citizens]]>
              </value>
            </param>
          </params>
          <reporter-output>
          </reporter-output>
        </test-method> <!-- execute -->
        <test-method signature="execute(java.lang.String, java.lang.String)[pri:0, instance:org.run.article@2dcd168a]" started-at="2023-03-27T07:43:01Z" name="execute" data-provider="getTestData" finished-at="2023-03-27T07:43:04Z" duration-ms="3077" status="PASS">
          <params>
            <param index="0">
              <value>
                <![CDATA[298]]>
              </value>
            </param>
            <param index="1">
              <value>
                <![CDATA[https://www.shriramfinance.in/article-budget-2023-for-tax-payers-and-investors]]>
              </value>
            </param>
          </params>
          <reporter-output>
          </reporter-output>
        </test-method> <!-- execute -->
        <test-method signature="execute(java.lang.String, java.lang.String)[pri:0, instance:org.run.article@2dcd168a]" started-at="2023-03-27T07:43:04Z" name="execute" data-provider="getTestData" finished-at="2023-03-27T07:43:08Z" duration-ms="3372" status="PASS">
          <params>
            <param index="0">
              <value>
                <![CDATA[299]]>
              </value>
            </param>
            <param index="1">
              <value>
                <![CDATA[https://www.shriramfinance.in/article-10-factors-to-consider-for-investing-fd]]>
              </value>
            </param>
          </params>
          <reporter-output>
          </reporter-output>
        </test-method> <!-- execute -->
        <test-method signature="execute(java.lang.String, java.lang.String)[pri:0, instance:org.run.article@2dcd168a]" started-at="2023-03-27T07:43:08Z" name="execute" data-provider="getTestData" finished-at="2023-03-27T07:43:11Z" duration-ms="3111" status="PASS">
          <params>
            <param index="0">
              <value>
                <![CDATA[300]]>
              </value>
            </param>
            <param index="1">
              <value>
                <![CDATA[https://www.shriramfinance.in/article-5-important-factors-to-consider-while-planning-finances-at-60]]>
              </value>
            </param>
          </params>
          <reporter-output>
          </reporter-output>
        </test-method> <!-- execute -->
        <test-method signature="execute(java.lang.String, java.lang.String)[pri:0, instance:org.run.article@2dcd168a]" started-at="2023-03-27T07:43:11Z" name="execute" data-provider="getTestData" finished-at="2023-03-27T07:43:15Z" duration-ms="3740" status="PASS">
          <params>
            <param index="0">
              <value>
                <![CDATA[301]]>
              </value>
            </param>
            <param index="1">
              <value>
                <![CDATA[https://www.shriramfinance.in/article-top-5-unmissable-investment-plan-options]]>
              </value>
            </param>
          </params>
          <reporter-output>
          </reporter-output>
        </test-method> <!-- execute -->
        <test-method signature="execute(java.lang.String, java.lang.String)[pri:0, instance:org.run.article@2dcd168a]" started-at="2023-03-27T07:43:15Z" name="execute" data-provider="getTestData" finished-at="2023-03-27T07:43:18Z" duration-ms="3552" status="PASS">
          <params>
            <param index="0">
              <value>
                <![CDATA[302]]>
              </value>
            </param>
            <param index="1">
              <value>
                <![CDATA[https://www.shriramfinance.in/article-what-is-fixed-deposit-account-how-does-it-work]]>
              </value>
            </param>
          </params>
          <reporter-output>
          </reporter-output>
        </test-method> <!-- execute -->
        <test-method signature="execute(java.lang.String, java.lang.String)[pri:0, instance:org.run.article@2dcd168a]" started-at="2023-03-27T07:43:18Z" name="execute" data-provider="getTestData" finished-at="2023-03-27T07:43:21Z" duration-ms="2931" status="PASS">
          <params>
            <param index="0">
              <value>
                <![CDATA[303]]>
              </value>
            </param>
            <param index="1">
              <value>
                <![CDATA[https://www.shriramfinance.in/article-6-little-known-factors-that-could-affect-your-fixed-deposit-investment]]>
              </value>
            </param>
          </params>
          <reporter-output>
          </reporter-output>
        </test-method> <!-- execute -->
        <test-method signature="execute(java.lang.String, java.lang.String)[pri:0, instance:org.run.article@2dcd168a]" started-at="2023-03-27T07:43:21Z" name="execute" data-provider="getTestData" finished-at="2023-03-27T07:43:25Z" duration-ms="3330" status="PASS">
          <params>
            <param index="0">
              <value>
                <![CDATA[304]]>
              </value>
            </param>
            <param index="1">
              <value>
                <![CDATA[https://www.shriramfinance.in/article-how-to-calculate-interest-in-a-corporate-fixed-deposit-scheme]]>
              </value>
            </param>
          </params>
          <reporter-output>
          </reporter-output>
        </test-method> <!-- execute -->
        <test-method signature="execute(java.lang.String, java.lang.String)[pri:0, instance:org.run.article@2dcd168a]" started-at="2023-03-27T07:43:25Z" name="execute" data-provider="getTestData" finished-at="2023-03-27T07:43:28Z" duration-ms="3183" status="PASS">
          <params>
            <param index="0">
              <value>
                <![CDATA[305]]>
              </value>
            </param>
            <param index="1">
              <value>
                <![CDATA[https://www.shriramfinance.in/article-consequences-of-not-renewing-or-withdrawing-your-fd]]>
              </value>
            </param>
          </params>
          <reporter-output>
          </reporter-output>
        </test-method> <!-- execute -->
        <test-method signature="execute(java.lang.String, java.lang.String)[pri:0, instance:org.run.article@2dcd168a]" started-at="2023-03-27T07:43:28Z" name="execute" data-provider="getTestData" finished-at="2023-03-27T07:43:31Z" duration-ms="3119" status="PASS">
          <params>
            <param index="0">
              <value>
                <![CDATA[306]]>
              </value>
            </param>
            <param index="1">
              <value>
                <![CDATA[https://www.shriramfinance.in/article-new-increase-in-fd-interest-rates]]>
              </value>
            </param>
          </params>
          <reporter-output>
          </reporter-output>
        </test-method> <!-- execute -->
        <test-method is-config="true" signature="browserQuit()[pri:0, instance:org.run.article@2dcd168a]" started-at="2023-03-27T07:43:31Z" name="browserQuit" finished-at="2023-03-27T07:43:32Z" duration-ms="1118" status="PASS">
          <reporter-output>
          </reporter-output>
        </test-method> <!-- browserQuit -->
      </class> <!-- org.run.article -->
    </test> <!-- Default test -->
  </suite> <!-- Default suite -->
</testng-results>
